2021:03:12 09:37:40.038 [restartedMain] INFO  com.caddie.voice.y1.Y1Application[55] - Starting Y1Application using Java 11.0.2 on DESKTOP-BDN2EKJ with PID 11884 (C:\Users\hyunj\Downloads\project (2)\build\classes\java\main started by hyunj in C:\Users\hyunj\Downloads\project (2))
2021:03:12 09:37:40.038 [restartedMain] INFO  com.caddie.voice.y1.Y1Application[664] - The following profiles are active: dev
2021:03:12 09:37:40.101 [restartedMain] INFO  o.s.b.d.e.DevToolsPropertyDefaultsPostProcessor[255] - Devtools property defaults active! Set 'spring.devtools.add-properties' to 'false' to disable
2021:03:12 09:37:40.101 [restartedMain] INFO  o.s.b.d.e.DevToolsPropertyDefaultsPostProcessor[255] - For additional web related logging consider setting the 'logging.level.web' property to 'DEBUG'
2021:03:12 09:37:41.708 [restartedMain] INFO  o.s.b.w.e.tomcat.TomcatWebServer[108] - Tomcat initialized with port(s): 8080 (http)
2021:03:12 09:37:41.723 [restartedMain] INFO  o.a.coyote.http11.Http11NioProtocol[173] - Initializing ProtocolHandler ["http-nio-8080"]
2021:03:12 09:37:41.723 [restartedMain] INFO  o.a.catalina.core.StandardService[173] - Starting service [Tomcat]
2021:03:12 09:37:41.723 [restartedMain] INFO  o.a.catalina.core.StandardEngine[173] - Starting Servlet engine: [Apache Tomcat/9.0.41]
2021:03:12 09:37:41.817 [restartedMain] INFO  o.a.c.c.C.[Tomcat].[localhost].[/][173] - Initializing Spring embedded WebApplicationContext
2021:03:12 09:37:41.817 [restartedMain] INFO  o.s.b.w.s.c.ServletWebServerApplicationContext[289] - Root WebApplicationContext: initialization completed in 1716 ms
2021:03:12 09:37:42.435 [restartedMain] INFO  s.d.s.w.PropertySourcedRequestMappingHandlerMapping[69] - Mapped URL path [/v2/api-docs] onto method [springfox.documentation.swagger2.web.Swagger2Controller#getDocumentation(String, HttpServletRequest)]
2021:03:12 09:37:42.513 [restartedMain] INFO  o.s.s.c.ThreadPoolTaskExecutor[181] - Initializing ExecutorService 'applicationTaskExecutor'
2021:03:12 09:37:42.559 [restartedMain] INFO  o.s.b.d.a.OptionalLiveReloadServer[58] - LiveReload server is running on port 35729
2021:03:12 09:37:42.708 [restartedMain] INFO  o.s.s.web.DefaultSecurityFilterChain[51] - Will secure Ant [pattern='/api-docs'] with []
2021:03:12 09:37:42.708 [restartedMain] INFO  o.s.s.web.DefaultSecurityFilterChain[51] - Will secure Ant [pattern='/swagger-ui.html'] with []
2021:03:12 09:37:42.708 [restartedMain] INFO  o.s.s.web.DefaultSecurityFilterChain[51] - Will secure Ant [pattern='/swagger-resources/**'] with []
2021:03:12 09:37:42.708 [restartedMain] INFO  o.s.s.web.DefaultSecurityFilterChain[51] - Will secure Ant [pattern='/webjars/**'] with []
2021:03:12 09:37:42.708 [restartedMain] INFO  o.s.s.web.DefaultSecurityFilterChain[51] - Will secure Ant [pattern='/swagger/**'] with []
2021:03:12 09:37:42.740 [restartedMain] INFO  o.s.s.web.DefaultSecurityFilterChain[51] - Will secure any request with [org.springframework.security.web.context.request.async.WebAsyncManagerIntegrationFilter@3de232b8, org.springframework.security.web.context.SecurityContextPersistenceFilter@3fc66160, org.springframework.security.web.header.HeaderWriterFilter@4dc51c15, org.springframework.security.web.authentication.logout.LogoutFilter@48260973, org.springframework.security.web.savedrequest.RequestCacheAwareFilter@59250075, org.springframework.security.web.servletapi.SecurityContextHolderAwareRequestFilter@5bce1652, org.springframework.security.web.authentication.AnonymousAuthenticationFilter@78ffd5b4, org.springframework.security.web.session.SessionManagementFilter@5680531c, org.springframework.security.web.access.ExceptionTranslationFilter@2be0ef3b, org.springframework.security.web.access.intercept.FilterSecurityInterceptor@7ebc0dc6]
2021:03:12 09:37:42.786 [restartedMain] INFO  o.a.coyote.http11.Http11NioProtocol[173] - Starting ProtocolHandler ["http-nio-8080"]
2021:03:12 09:37:42.818 [restartedMain] INFO  o.s.b.w.e.tomcat.TomcatWebServer[220] - Tomcat started on port(s): 8080 (http) with context path ''
2021:03:12 09:37:42.818 [restartedMain] INFO  s.d.s.w.p.DocumentationPluginsBootstrapper[160] - Context refreshed
2021:03:12 09:37:42.818 [restartedMain] INFO  s.d.s.w.p.DocumentationPluginsBootstrapper[163] - Found 1 custom documentation plugin(s)
2021:03:12 09:37:42.860 [restartedMain] INFO  s.d.s.w.s.ApiListingReferenceScanner[41] - Scanning for api listing references
2021:03:12 09:37:42.992 [restartedMain] INFO  s.d.s.w.r.o.CachingOperationNameGenerator[40] - Generating unique operation named: downloadSalesUsingGET_1
2021:03:12 09:37:43.038 [restartedMain] INFO  com.caddie.voice.y1.Y1Application[61] - Started Y1Application in 3.484 seconds (JVM running for 4.243)
