2021:02:28 00:00:03.664 [http-nio-8080-exec-1] INFO  o.a.c.c.C.[Tomcat].[localhost].[/][173] - Initializing Spring DispatcherServlet 'dispatcherServlet'
2021:02:28 00:00:03.667 [http-nio-8080-exec-1] INFO  o.s.web.servlet.DispatcherServlet[525] - Initializing Servlet 'dispatcherServlet'
2021:02:28 00:00:03.668 [http-nio-8080-exec-1] INFO  o.s.web.servlet.DispatcherServlet[547] - Completed initialization in 1 ms
2021:02:28 00:00:09.099 [http-nio-8080-exec-9] INFO  com.zaxxer.hikari.HikariDataSource[110] - HikariPool-1 - Starting...
2021:02:28 00:00:09.299 [http-nio-8080-exec-9] INFO  com.zaxxer.hikari.HikariDataSource[123] - HikariPool-1 - Start completed.
2021:02:28 02:01:21.207 [restartedMain] INFO  com.caddie.voice.y1.Y1Application[55] - Starting Y1Application using Java 15.0.2 on DESKTOP-BDN2EKJ with PID 9904 (C:\workspace-temp\project\build\classes\java\main started by hyunj in C:\workspace-temp\project)
2021:02:28 02:01:21.208 [restartedMain] INFO  com.caddie.voice.y1.Y1Application[664] - The following profiles are active: dev
2021:02:28 02:01:21.242 [restartedMain] INFO  o.s.b.d.e.DevToolsPropertyDefaultsPostProcessor[255] - Devtools property defaults active! Set 'spring.devtools.add-properties' to 'false' to disable
2021:02:28 02:01:21.242 [restartedMain] INFO  o.s.b.d.e.DevToolsPropertyDefaultsPostProcessor[255] - For additional web related logging consider setting the 'logging.level.web' property to 'DEBUG'
2021:02:28 02:01:22.207 [restartedMain] INFO  o.s.b.w.e.tomcat.TomcatWebServer[108] - Tomcat initialized with port(s): 8080 (http)
2021:02:28 02:01:22.213 [restartedMain] INFO  o.a.coyote.http11.Http11NioProtocol[173] - Initializing ProtocolHandler ["http-nio-8080"]
2021:02:28 02:01:22.213 [restartedMain] INFO  o.a.catalina.core.StandardService[173] - Starting service [Tomcat]
2021:02:28 02:01:22.213 [restartedMain] INFO  o.a.catalina.core.StandardEngine[173] - Starting Servlet engine: [Apache Tomcat/9.0.41]
2021:02:28 02:01:22.268 [restartedMain] INFO  o.a.c.c.C.[Tomcat].[localhost].[/][173] - Initializing Spring embedded WebApplicationContext
2021:02:28 02:01:22.268 [restartedMain] INFO  o.s.b.w.s.c.ServletWebServerApplicationContext[289] - Root WebApplicationContext: initialization completed in 1025 ms
2021:02:28 02:01:22.695 [restartedMain] INFO  s.d.s.w.PropertySourcedRequestMappingHandlerMapping[69] - Mapped URL path [/v2/api-docs] onto method [springfox.documentation.swagger2.web.Swagger2Controller#getDocumentation(String, HttpServletRequest)]
2021:02:28 02:01:22.749 [restartedMain] INFO  o.s.s.c.ThreadPoolTaskExecutor[181] - Initializing ExecutorService 'applicationTaskExecutor'
2021:02:28 02:01:22.776 [restartedMain] INFO  o.s.b.d.a.OptionalLiveReloadServer[58] - LiveReload server is running on port 35729
2021:02:28 02:01:22.878 [restartedMain] INFO  o.a.coyote.http11.Http11NioProtocol[173] - Starting ProtocolHandler ["http-nio-8080"]
2021:02:28 02:01:22.893 [restartedMain] INFO  o.s.b.w.e.tomcat.TomcatWebServer[220] - Tomcat started on port(s): 8080 (http) with context path ''
2021:02:28 02:01:22.894 [restartedMain] INFO  s.d.s.w.p.DocumentationPluginsBootstrapper[160] - Context refreshed
2021:02:28 02:01:22.903 [restartedMain] INFO  s.d.s.w.p.DocumentationPluginsBootstrapper[163] - Found 1 custom documentation plugin(s)
2021:02:28 02:01:22.928 [restartedMain] INFO  s.d.s.w.s.ApiListingReferenceScanner[41] - Scanning for api listing references
2021:02:28 02:01:23.083 [restartedMain] INFO  com.caddie.voice.y1.Y1Application[61] - Started Y1Application in 2.215 seconds (JVM running for 2.725)
2021:02:28 02:01:28.142 [http-nio-8080-exec-1] INFO  o.a.c.c.C.[Tomcat].[localhost].[/][173] - Initializing Spring DispatcherServlet 'dispatcherServlet'
2021:02:28 02:01:28.143 [http-nio-8080-exec-1] INFO  o.s.web.servlet.DispatcherServlet[525] - Initializing Servlet 'dispatcherServlet'
2021:02:28 02:01:28.144 [http-nio-8080-exec-1] INFO  o.s.web.servlet.DispatcherServlet[547] - Completed initialization in 1 ms
2021:02:28 02:01:33.948 [http-nio-8080-exec-9] INFO  com.zaxxer.hikari.HikariDataSource[110] - HikariPool-1 - Starting...
2021:02:28 02:01:34.149 [http-nio-8080-exec-9] INFO  com.zaxxer.hikari.HikariDataSource[123] - HikariPool-1 - Start completed.
2021:02:28 17:38:07.831 [restartedMain] INFO  com.caddie.voice.y1.Y1Application[55] - Starting Y1Application using Java 15.0.2 on DESKTOP-BDN2EKJ with PID 4776 (C:\workspace-temp\project\build\classes\java\main started by hyunj in C:\workspace-temp\project)
2021:02:28 17:38:07.832 [restartedMain] INFO  com.caddie.voice.y1.Y1Application[664] - The following profiles are active: dev
2021:02:28 17:38:07.886 [restartedMain] INFO  o.s.b.d.e.DevToolsPropertyDefaultsPostProcessor[255] - Devtools property defaults active! Set 'spring.devtools.add-properties' to 'false' to disable
2021:02:28 17:38:07.888 [restartedMain] INFO  o.s.b.d.e.DevToolsPropertyDefaultsPostProcessor[255] - For additional web related logging consider setting the 'logging.level.web' property to 'DEBUG'
2021:02:28 17:38:09.536 [restartedMain] INFO  o.s.b.w.e.tomcat.TomcatWebServer[108] - Tomcat initialized with port(s): 8080 (http)
2021:02:28 17:38:09.550 [restartedMain] INFO  o.a.coyote.http11.Http11NioProtocol[173] - Initializing ProtocolHandler ["http-nio-8080"]
2021:02:28 17:38:09.550 [restartedMain] INFO  o.a.catalina.core.StandardService[173] - Starting service [Tomcat]
2021:02:28 17:38:09.550 [restartedMain] INFO  o.a.catalina.core.StandardEngine[173] - Starting Servlet engine: [Apache Tomcat/9.0.41]
2021:02:28 17:38:09.629 [restartedMain] INFO  o.a.c.c.C.[Tomcat].[localhost].[/][173] - Initializing Spring embedded WebApplicationContext
2021:02:28 17:38:09.630 [restartedMain] INFO  o.s.b.w.s.c.ServletWebServerApplicationContext[289] - Root WebApplicationContext: initialization completed in 1741 ms
2021:02:28 17:38:09.850 [restartedMain] INFO  o.a.catalina.core.StandardService[173] - Stopping service [Tomcat]
2021:02:28 17:38:09.863 [restartedMain] INFO  o.s.b.a.l.ConditionEvaluationReportLoggingListener[136] - 

Error starting ApplicationContext. To display the conditions report re-run your application with 'debug' enabled.
2021:02:28 17:38:10.878 [restartedMain] INFO  com.caddie.voice.y1.Y1Application[55] - Starting Y1Application using Java 15.0.2 on DESKTOP-BDN2EKJ with PID 9932 (C:\workspace-temp\project\build\classes\java\main started by hyunj in C:\workspace-temp\project)
2021:02:28 17:38:10.879 [restartedMain] INFO  com.caddie.voice.y1.Y1Application[664] - The following profiles are active: dev
2021:02:28 17:38:10.925 [restartedMain] INFO  o.s.b.d.e.DevToolsPropertyDefaultsPostProcessor[255] - Devtools property defaults active! Set 'spring.devtools.add-properties' to 'false' to disable
2021:02:28 17:38:10.926 [restartedMain] INFO  o.s.b.d.e.DevToolsPropertyDefaultsPostProcessor[255] - For additional web related logging consider setting the 'logging.level.web' property to 'DEBUG'
2021:02:28 17:38:12.258 [restartedMain] INFO  o.s.b.w.e.tomcat.TomcatWebServer[108] - Tomcat initialized with port(s): 8080 (http)
2021:02:28 17:38:12.266 [restartedMain] INFO  o.a.coyote.http11.Http11NioProtocol[173] - Initializing ProtocolHandler ["http-nio-8080"]
2021:02:28 17:38:12.267 [restartedMain] INFO  o.a.catalina.core.StandardService[173] - Starting service [Tomcat]
2021:02:28 17:38:12.267 [restartedMain] INFO  o.a.catalina.core.StandardEngine[173] - Starting Servlet engine: [Apache Tomcat/9.0.41]
2021:02:28 17:38:12.335 [restartedMain] INFO  o.a.c.c.C.[Tomcat].[localhost].[/][173] - Initializing Spring embedded WebApplicationContext
2021:02:28 17:38:12.335 [restartedMain] INFO  o.s.b.w.s.c.ServletWebServerApplicationContext[289] - Root WebApplicationContext: initialization completed in 1408 ms
2021:02:28 17:38:12.578 [restartedMain] INFO  o.a.catalina.core.StandardService[173] - Stopping service [Tomcat]
2021:02:28 17:38:12.592 [restartedMain] INFO  o.s.b.a.l.ConditionEvaluationReportLoggingListener[136] - 

Error starting ApplicationContext. To display the conditions report re-run your application with 'debug' enabled.
2021:02:28 17:38:16.866 [restartedMain] INFO  com.caddie.voice.y1.Y1Application[55] - Starting Y1Application using Java 15.0.2 on DESKTOP-BDN2EKJ with PID 3300 (C:\workspace-temp\project\build\classes\java\main started by hyunj in C:\workspace-temp\project)
2021:02:28 17:38:16.867 [restartedMain] INFO  com.caddie.voice.y1.Y1Application[664] - The following profiles are active: dev
2021:02:28 17:38:16.903 [restartedMain] INFO  o.s.b.d.e.DevToolsPropertyDefaultsPostProcessor[255] - Devtools property defaults active! Set 'spring.devtools.add-properties' to 'false' to disable
2021:02:28 17:38:16.903 [restartedMain] INFO  o.s.b.d.e.DevToolsPropertyDefaultsPostProcessor[255] - For additional web related logging consider setting the 'logging.level.web' property to 'DEBUG'
2021:02:28 17:38:17.880 [restartedMain] INFO  o.s.b.w.e.tomcat.TomcatWebServer[108] - Tomcat initialized with port(s): 8080 (http)
2021:02:28 17:38:17.888 [restartedMain] INFO  o.a.coyote.http11.Http11NioProtocol[173] - Initializing ProtocolHandler ["http-nio-8080"]
2021:02:28 17:38:17.889 [restartedMain] INFO  o.a.catalina.core.StandardService[173] - Starting service [Tomcat]
2021:02:28 17:38:17.890 [restartedMain] INFO  o.a.catalina.core.StandardEngine[173] - Starting Servlet engine: [Apache Tomcat/9.0.41]
2021:02:28 17:38:17.950 [restartedMain] INFO  o.a.c.c.C.[Tomcat].[localhost].[/][173] - Initializing Spring embedded WebApplicationContext
2021:02:28 17:38:17.950 [restartedMain] INFO  o.s.b.w.s.c.ServletWebServerApplicationContext[289] - Root WebApplicationContext: initialization completed in 1046 ms
2021:02:28 17:38:18.147 [restartedMain] INFO  o.a.catalina.core.StandardService[173] - Stopping service [Tomcat]
2021:02:28 17:38:18.157 [restartedMain] INFO  o.s.b.a.l.ConditionEvaluationReportLoggingListener[136] - 

Error starting ApplicationContext. To display the conditions report re-run your application with 'debug' enabled.
2021:02:28 17:38:39.158 [restartedMain] INFO  com.caddie.voice.y1.Y1Application[55] - Starting Y1Application using Java 15.0.2 on DESKTOP-BDN2EKJ with PID 10872 (C:\workspace-temp\project\build\classes\java\main started by hyunj in C:\workspace-temp\project)
2021:02:28 17:38:39.159 [restartedMain] INFO  com.caddie.voice.y1.Y1Application[664] - The following profiles are active: dev
2021:02:28 17:38:39.199 [restartedMain] INFO  o.s.b.d.e.DevToolsPropertyDefaultsPostProcessor[255] - Devtools property defaults active! Set 'spring.devtools.add-properties' to 'false' to disable
2021:02:28 17:38:39.199 [restartedMain] INFO  o.s.b.d.e.DevToolsPropertyDefaultsPostProcessor[255] - For additional web related logging consider setting the 'logging.level.web' property to 'DEBUG'
2021:02:28 17:38:40.179 [restartedMain] INFO  o.s.b.w.e.tomcat.TomcatWebServer[108] - Tomcat initialized with port(s): 8080 (http)
2021:02:28 17:38:40.186 [restartedMain] INFO  o.a.coyote.http11.Http11NioProtocol[173] - Initializing ProtocolHandler ["http-nio-8080"]
2021:02:28 17:38:40.186 [restartedMain] INFO  o.a.catalina.core.StandardService[173] - Starting service [Tomcat]
2021:02:28 17:38:40.186 [restartedMain] INFO  o.a.catalina.core.StandardEngine[173] - Starting Servlet engine: [Apache Tomcat/9.0.41]
2021:02:28 17:38:40.242 [restartedMain] INFO  o.a.c.c.C.[Tomcat].[localhost].[/][173] - Initializing Spring embedded WebApplicationContext
2021:02:28 17:38:40.242 [restartedMain] INFO  o.s.b.w.s.c.ServletWebServerApplicationContext[289] - Root WebApplicationContext: initialization completed in 1042 ms
2021:02:28 17:38:40.440 [restartedMain] INFO  o.a.catalina.core.StandardService[173] - Stopping service [Tomcat]
2021:02:28 17:38:40.452 [restartedMain] INFO  o.s.b.a.l.ConditionEvaluationReportLoggingListener[136] - 

Error starting ApplicationContext. To display the conditions report re-run your application with 'debug' enabled.
2021:02:28 17:40:04.058 [restartedMain] INFO  com.caddie.voice.y1.Y1Application[55] - Starting Y1Application using Java 15.0.2 on DESKTOP-BDN2EKJ with PID 7748 (C:\workspace-temp\project\build\classes\java\main started by hyunj in C:\workspace-temp\project)
2021:02:28 17:40:04.059 [restartedMain] INFO  com.caddie.voice.y1.Y1Application[664] - The following profiles are active: dev
2021:02:28 17:40:04.089 [restartedMain] INFO  o.s.b.d.e.DevToolsPropertyDefaultsPostProcessor[255] - Devtools property defaults active! Set 'spring.devtools.add-properties' to 'false' to disable
2021:02:28 17:40:04.090 [restartedMain] INFO  o.s.b.d.e.DevToolsPropertyDefaultsPostProcessor[255] - For additional web related logging consider setting the 'logging.level.web' property to 'DEBUG'
2021:02:28 17:40:05.054 [restartedMain] INFO  o.s.b.w.e.tomcat.TomcatWebServer[108] - Tomcat initialized with port(s): 8080 (http)
2021:02:28 17:40:05.060 [restartedMain] INFO  o.a.coyote.http11.Http11NioProtocol[173] - Initializing ProtocolHandler ["http-nio-8080"]
2021:02:28 17:40:05.060 [restartedMain] INFO  o.a.catalina.core.StandardService[173] - Starting service [Tomcat]
2021:02:28 17:40:05.060 [restartedMain] INFO  o.a.catalina.core.StandardEngine[173] - Starting Servlet engine: [Apache Tomcat/9.0.41]
2021:02:28 17:40:05.117 [restartedMain] INFO  o.a.c.c.C.[Tomcat].[localhost].[/][173] - Initializing Spring embedded WebApplicationContext
2021:02:28 17:40:05.117 [restartedMain] INFO  o.s.b.w.s.c.ServletWebServerApplicationContext[289] - Root WebApplicationContext: initialization completed in 1027 ms
2021:02:28 17:40:05.562 [restartedMain] INFO  s.d.s.w.PropertySourcedRequestMappingHandlerMapping[69] - Mapped URL path [/v2/api-docs] onto method [springfox.documentation.swagger2.web.Swagger2Controller#getDocumentation(String, HttpServletRequest)]
2021:02:28 17:40:05.618 [restartedMain] INFO  o.s.s.c.ThreadPoolTaskExecutor[181] - Initializing ExecutorService 'applicationTaskExecutor'
2021:02:28 17:40:05.647 [restartedMain] INFO  o.s.b.d.a.OptionalLiveReloadServer[58] - LiveReload server is running on port 35729
2021:02:28 17:40:05.749 [restartedMain] INFO  o.a.coyote.http11.Http11NioProtocol[173] - Starting ProtocolHandler ["http-nio-8080"]
2021:02:28 17:40:05.764 [restartedMain] INFO  o.s.b.w.e.tomcat.TomcatWebServer[220] - Tomcat started on port(s): 8080 (http) with context path ''
2021:02:28 17:40:05.765 [restartedMain] INFO  s.d.s.w.p.DocumentationPluginsBootstrapper[160] - Context refreshed
2021:02:28 17:40:05.773 [restartedMain] INFO  s.d.s.w.p.DocumentationPluginsBootstrapper[163] - Found 1 custom documentation plugin(s)
2021:02:28 17:40:05.801 [restartedMain] INFO  s.d.s.w.s.ApiListingReferenceScanner[41] - Scanning for api listing references
2021:02:28 17:40:05.967 [restartedMain] INFO  com.caddie.voice.y1.Y1Application[61] - Started Y1Application in 2.262 seconds (JVM running for 2.847)
2021:02:28 17:40:15.702 [http-nio-8080-exec-1] INFO  o.a.c.c.C.[Tomcat].[localhost].[/][173] - Initializing Spring DispatcherServlet 'dispatcherServlet'
2021:02:28 17:40:15.702 [http-nio-8080-exec-1] INFO  o.s.web.servlet.DispatcherServlet[525] - Initializing Servlet 'dispatcherServlet'
2021:02:28 17:40:15.703 [http-nio-8080-exec-1] INFO  o.s.web.servlet.DispatcherServlet[547] - Completed initialization in 1 ms
2021:02:28 17:40:21.806 [http-nio-8080-exec-10] INFO  com.zaxxer.hikari.HikariDataSource[110] - HikariPool-1 - Starting...
2021:02:28 17:40:22.004 [http-nio-8080-exec-10] INFO  com.zaxxer.hikari.HikariDataSource[123] - HikariPool-1 - Start completed.
2021:02:28 17:45:21.717 [restartedMain] INFO  com.caddie.voice.y1.Y1Application[55] - Starting Y1Application using Java 15.0.2 on DESKTOP-BDN2EKJ with PID 6896 (C:\workspace-temp\project\build\classes\java\main started by hyunj in C:\workspace-temp\project)
2021:02:28 17:45:21.718 [restartedMain] INFO  com.caddie.voice.y1.Y1Application[664] - The following profiles are active: dev
2021:02:28 17:45:21.751 [restartedMain] INFO  o.s.b.d.e.DevToolsPropertyDefaultsPostProcessor[255] - Devtools property defaults active! Set 'spring.devtools.add-properties' to 'false' to disable
2021:02:28 17:45:21.752 [restartedMain] INFO  o.s.b.d.e.DevToolsPropertyDefaultsPostProcessor[255] - For additional web related logging consider setting the 'logging.level.web' property to 'DEBUG'
2021:02:28 17:45:22.731 [restartedMain] INFO  o.s.b.w.e.tomcat.TomcatWebServer[108] - Tomcat initialized with port(s): 8080 (http)
2021:02:28 17:45:22.743 [restartedMain] INFO  o.a.coyote.http11.Http11NioProtocol[173] - Initializing ProtocolHandler ["http-nio-8080"]
2021:02:28 17:45:22.743 [restartedMain] INFO  o.a.catalina.core.StandardService[173] - Starting service [Tomcat]
2021:02:28 17:45:22.744 [restartedMain] INFO  o.a.catalina.core.StandardEngine[173] - Starting Servlet engine: [Apache Tomcat/9.0.41]
2021:02:28 17:45:22.800 [restartedMain] INFO  o.a.c.c.C.[Tomcat].[localhost].[/][173] - Initializing Spring embedded WebApplicationContext
2021:02:28 17:45:22.800 [restartedMain] INFO  o.s.b.w.s.c.ServletWebServerApplicationContext[289] - Root WebApplicationContext: initialization completed in 1048 ms
2021:02:28 17:45:23.235 [restartedMain] INFO  s.d.s.w.PropertySourcedRequestMappingHandlerMapping[69] - Mapped URL path [/v2/api-docs] onto method [springfox.documentation.swagger2.web.Swagger2Controller#getDocumentation(String, HttpServletRequest)]
2021:02:28 17:45:23.293 [restartedMain] INFO  o.s.s.c.ThreadPoolTaskExecutor[181] - Initializing ExecutorService 'applicationTaskExecutor'
2021:02:28 17:45:23.322 [restartedMain] INFO  o.s.b.d.a.OptionalLiveReloadServer[58] - LiveReload server is running on port 35729
2021:02:28 17:45:23.434 [restartedMain] INFO  o.a.coyote.http11.Http11NioProtocol[173] - Starting ProtocolHandler ["http-nio-8080"]
2021:02:28 17:45:23.450 [restartedMain] INFO  o.s.b.w.e.tomcat.TomcatWebServer[220] - Tomcat started on port(s): 8080 (http) with context path ''
2021:02:28 17:45:23.450 [restartedMain] INFO  s.d.s.w.p.DocumentationPluginsBootstrapper[160] - Context refreshed
2021:02:28 17:45:23.459 [restartedMain] INFO  s.d.s.w.p.DocumentationPluginsBootstrapper[163] - Found 1 custom documentation plugin(s)
2021:02:28 17:45:23.487 [restartedMain] INFO  s.d.s.w.s.ApiListingReferenceScanner[41] - Scanning for api listing references
2021:02:28 17:45:23.631 [restartedMain] INFO  com.caddie.voice.y1.Y1Application[61] - Started Y1Application in 2.317 seconds (JVM running for 2.827)
2021:02:28 17:45:30.710 [http-nio-8080-exec-1] INFO  o.a.c.c.C.[Tomcat].[localhost].[/][173] - Initializing Spring DispatcherServlet 'dispatcherServlet'
2021:02:28 17:45:30.710 [http-nio-8080-exec-1] INFO  o.s.web.servlet.DispatcherServlet[525] - Initializing Servlet 'dispatcherServlet'
2021:02:28 17:45:30.711 [http-nio-8080-exec-1] INFO  o.s.web.servlet.DispatcherServlet[547] - Completed initialization in 0 ms
2021:02:28 17:45:30.743 [http-nio-8080-exec-1] INFO  com.zaxxer.hikari.HikariDataSource[110] - HikariPool-1 - Starting...
2021:02:28 17:45:30.943 [http-nio-8080-exec-1] INFO  com.zaxxer.hikari.HikariDataSource[123] - HikariPool-1 - Start completed.
2021:02:28 17:46:17.321 [restartedMain] INFO  com.caddie.voice.y1.Y1Application[55] - Starting Y1Application using Java 15.0.2 on DESKTOP-BDN2EKJ with PID 10292 (C:\workspace-temp\project\build\classes\java\main started by hyunj in C:\workspace-temp\project)
2021:02:28 17:46:17.321 [restartedMain] INFO  com.caddie.voice.y1.Y1Application[664] - The following profiles are active: dev
2021:02:28 17:46:17.356 [restartedMain] INFO  o.s.b.d.e.DevToolsPropertyDefaultsPostProcessor[255] - Devtools property defaults active! Set 'spring.devtools.add-properties' to 'false' to disable
2021:02:28 17:46:17.357 [restartedMain] INFO  o.s.b.d.e.DevToolsPropertyDefaultsPostProcessor[255] - For additional web related logging consider setting the 'logging.level.web' property to 'DEBUG'
2021:02:28 17:46:18.324 [restartedMain] INFO  o.s.b.w.e.tomcat.TomcatWebServer[108] - Tomcat initialized with port(s): 8080 (http)
2021:02:28 17:46:18.330 [restartedMain] INFO  o.a.coyote.http11.Http11NioProtocol[173] - Initializing ProtocolHandler ["http-nio-8080"]
2021:02:28 17:46:18.331 [restartedMain] INFO  o.a.catalina.core.StandardService[173] - Starting service [Tomcat]
2021:02:28 17:46:18.331 [restartedMain] INFO  o.a.catalina.core.StandardEngine[173] - Starting Servlet engine: [Apache Tomcat/9.0.41]
2021:02:28 17:46:18.388 [restartedMain] INFO  o.a.c.c.C.[Tomcat].[localhost].[/][173] - Initializing Spring embedded WebApplicationContext
2021:02:28 17:46:18.388 [restartedMain] INFO  o.s.b.w.s.c.ServletWebServerApplicationContext[289] - Root WebApplicationContext: initialization completed in 1031 ms
2021:02:28 17:46:18.832 [restartedMain] INFO  s.d.s.w.PropertySourcedRequestMappingHandlerMapping[69] - Mapped URL path [/v2/api-docs] onto method [springfox.documentation.swagger2.web.Swagger2Controller#getDocumentation(String, HttpServletRequest)]
2021:02:28 17:46:18.892 [restartedMain] INFO  o.s.s.c.ThreadPoolTaskExecutor[181] - Initializing ExecutorService 'applicationTaskExecutor'
2021:02:28 17:46:18.920 [restartedMain] INFO  o.s.b.d.a.OptionalLiveReloadServer[58] - LiveReload server is running on port 35729
2021:02:28 17:46:19.026 [restartedMain] INFO  o.a.coyote.http11.Http11NioProtocol[173] - Starting ProtocolHandler ["http-nio-8080"]
2021:02:28 17:46:19.040 [restartedMain] INFO  o.s.b.w.e.tomcat.TomcatWebServer[220] - Tomcat started on port(s): 8080 (http) with context path ''
2021:02:28 17:46:19.041 [restartedMain] INFO  s.d.s.w.p.DocumentationPluginsBootstrapper[160] - Context refreshed
2021:02:28 17:46:19.051 [restartedMain] INFO  s.d.s.w.p.DocumentationPluginsBootstrapper[163] - Found 1 custom documentation plugin(s)
2021:02:28 17:46:19.077 [restartedMain] INFO  s.d.s.w.s.ApiListingReferenceScanner[41] - Scanning for api listing references
2021:02:28 17:46:19.236 [restartedMain] INFO  com.caddie.voice.y1.Y1Application[61] - Started Y1Application in 2.287 seconds (JVM running for 2.788)
2021:02:28 17:46:29.955 [http-nio-8080-exec-1] INFO  o.a.c.c.C.[Tomcat].[localhost].[/][173] - Initializing Spring DispatcherServlet 'dispatcherServlet'
2021:02:28 17:46:29.956 [http-nio-8080-exec-1] INFO  o.s.web.servlet.DispatcherServlet[525] - Initializing Servlet 'dispatcherServlet'
2021:02:28 17:46:29.956 [http-nio-8080-exec-1] INFO  o.s.web.servlet.DispatcherServlet[547] - Completed initialization in 0 ms
2021:02:28 17:46:37.439 [http-nio-8080-exec-7] INFO  com.zaxxer.hikari.HikariDataSource[110] - HikariPool-1 - Starting...
2021:02:28 17:46:37.640 [http-nio-8080-exec-7] INFO  com.zaxxer.hikari.HikariDataSource[123] - HikariPool-1 - Start completed.
2021:02:28 18:01:00.817 [restartedMain] INFO  com.caddie.voice.y1.Y1Application[55] - Starting Y1Application using Java 15.0.2 on DESKTOP-BDN2EKJ with PID 9192 (C:\workspace-temp\project\build\classes\java\main started by hyunj in C:\workspace-temp\project)
2021:02:28 18:01:00.818 [restartedMain] INFO  com.caddie.voice.y1.Y1Application[664] - The following profiles are active: dev
2021:02:28 18:01:00.853 [restartedMain] INFO  o.s.b.d.e.DevToolsPropertyDefaultsPostProcessor[255] - Devtools property defaults active! Set 'spring.devtools.add-properties' to 'false' to disable
2021:02:28 18:01:00.853 [restartedMain] INFO  o.s.b.d.e.DevToolsPropertyDefaultsPostProcessor[255] - For additional web related logging consider setting the 'logging.level.web' property to 'DEBUG'
2021:02:28 18:01:01.864 [restartedMain] INFO  o.s.b.w.e.tomcat.TomcatWebServer[108] - Tomcat initialized with port(s): 8080 (http)
2021:02:28 18:01:01.870 [restartedMain] INFO  o.a.coyote.http11.Http11NioProtocol[173] - Initializing ProtocolHandler ["http-nio-8080"]
2021:02:28 18:01:01.871 [restartedMain] INFO  o.a.catalina.core.StandardService[173] - Starting service [Tomcat]
2021:02:28 18:01:01.871 [restartedMain] INFO  o.a.catalina.core.StandardEngine[173] - Starting Servlet engine: [Apache Tomcat/9.0.41]
2021:02:28 18:01:01.934 [restartedMain] INFO  o.a.c.c.C.[Tomcat].[localhost].[/][173] - Initializing Spring embedded WebApplicationContext
2021:02:28 18:01:01.934 [restartedMain] INFO  o.s.b.w.s.c.ServletWebServerApplicationContext[289] - Root WebApplicationContext: initialization completed in 1080 ms
2021:02:28 18:01:02.139 [restartedMain] INFO  o.a.catalina.core.StandardService[173] - Stopping service [Tomcat]
2021:02:28 18:01:02.148 [restartedMain] INFO  o.s.b.a.l.ConditionEvaluationReportLoggingListener[136] - 

Error starting ApplicationContext. To display the conditions report re-run your application with 'debug' enabled.
2021:02:28 18:02:19.636 [restartedMain] INFO  com.caddie.voice.y1.Y1Application[55] - Starting Y1Application using Java 15.0.2 on DESKTOP-BDN2EKJ with PID 13004 (C:\workspace-temp\project\build\classes\java\main started by hyunj in C:\workspace-temp\project)
2021:02:28 18:02:19.637 [restartedMain] INFO  com.caddie.voice.y1.Y1Application[664] - The following profiles are active: dev
2021:02:28 18:02:19.672 [restartedMain] INFO  o.s.b.d.e.DevToolsPropertyDefaultsPostProcessor[255] - Devtools property defaults active! Set 'spring.devtools.add-properties' to 'false' to disable
2021:02:28 18:02:19.673 [restartedMain] INFO  o.s.b.d.e.DevToolsPropertyDefaultsPostProcessor[255] - For additional web related logging consider setting the 'logging.level.web' property to 'DEBUG'
2021:02:28 18:02:20.663 [restartedMain] INFO  o.s.b.w.e.tomcat.TomcatWebServer[108] - Tomcat initialized with port(s): 8080 (http)
2021:02:28 18:02:20.669 [restartedMain] INFO  o.a.coyote.http11.Http11NioProtocol[173] - Initializing ProtocolHandler ["http-nio-8080"]
2021:02:28 18:02:20.670 [restartedMain] INFO  o.a.catalina.core.StandardService[173] - Starting service [Tomcat]
2021:02:28 18:02:20.670 [restartedMain] INFO  o.a.catalina.core.StandardEngine[173] - Starting Servlet engine: [Apache Tomcat/9.0.41]
2021:02:28 18:02:20.727 [restartedMain] INFO  o.a.c.c.C.[Tomcat].[localhost].[/][173] - Initializing Spring embedded WebApplicationContext
2021:02:28 18:02:20.727 [restartedMain] INFO  o.s.b.w.s.c.ServletWebServerApplicationContext[289] - Root WebApplicationContext: initialization completed in 1053 ms
2021:02:28 18:02:20.917 [restartedMain] INFO  o.a.catalina.core.StandardService[173] - Stopping service [Tomcat]
2021:02:28 18:02:20.929 [restartedMain] INFO  o.s.b.a.l.ConditionEvaluationReportLoggingListener[136] - 

Error starting ApplicationContext. To display the conditions report re-run your application with 'debug' enabled.
2021:02:28 18:03:00.953 [restartedMain] INFO  com.caddie.voice.y1.Y1Application[55] - Starting Y1Application using Java 15.0.2 on DESKTOP-BDN2EKJ with PID 9124 (C:\workspace-temp\project\build\classes\java\main started by hyunj in C:\workspace-temp\project)
2021:02:28 18:03:00.954 [restartedMain] INFO  com.caddie.voice.y1.Y1Application[664] - The following profiles are active: dev
2021:02:28 18:03:00.988 [restartedMain] INFO  o.s.b.d.e.DevToolsPropertyDefaultsPostProcessor[255] - Devtools property defaults active! Set 'spring.devtools.add-properties' to 'false' to disable
2021:02:28 18:03:00.989 [restartedMain] INFO  o.s.b.d.e.DevToolsPropertyDefaultsPostProcessor[255] - For additional web related logging consider setting the 'logging.level.web' property to 'DEBUG'
2021:02:28 18:03:01.967 [restartedMain] INFO  o.s.b.w.e.tomcat.TomcatWebServer[108] - Tomcat initialized with port(s): 8080 (http)
2021:02:28 18:03:01.973 [restartedMain] INFO  o.a.coyote.http11.Http11NioProtocol[173] - Initializing ProtocolHandler ["http-nio-8080"]
2021:02:28 18:03:01.974 [restartedMain] INFO  o.a.catalina.core.StandardService[173] - Starting service [Tomcat]
2021:02:28 18:03:01.974 [restartedMain] INFO  o.a.catalina.core.StandardEngine[173] - Starting Servlet engine: [Apache Tomcat/9.0.41]
2021:02:28 18:03:02.031 [restartedMain] INFO  o.a.c.c.C.[Tomcat].[localhost].[/][173] - Initializing Spring embedded WebApplicationContext
2021:02:28 18:03:02.031 [restartedMain] INFO  o.s.b.w.s.c.ServletWebServerApplicationContext[289] - Root WebApplicationContext: initialization completed in 1041 ms
2021:02:28 18:03:02.222 [restartedMain] INFO  o.a.catalina.core.StandardService[173] - Stopping service [Tomcat]
2021:02:28 18:03:02.234 [restartedMain] INFO  o.s.b.a.l.ConditionEvaluationReportLoggingListener[136] - 

Error starting ApplicationContext. To display the conditions report re-run your application with 'debug' enabled.
2021:02:28 18:03:50.325 [restartedMain] INFO  com.caddie.voice.y1.Y1Application[55] - Starting Y1Application using Java 15.0.2 on DESKTOP-BDN2EKJ with PID 10340 (C:\workspace-temp\project\build\classes\java\main started by hyunj in C:\workspace-temp\project)
2021:02:28 18:03:50.326 [restartedMain] INFO  com.caddie.voice.y1.Y1Application[664] - The following profiles are active: dev
2021:02:28 18:03:50.358 [restartedMain] INFO  o.s.b.d.e.DevToolsPropertyDefaultsPostProcessor[255] - Devtools property defaults active! Set 'spring.devtools.add-properties' to 'false' to disable
2021:02:28 18:03:50.358 [restartedMain] INFO  o.s.b.d.e.DevToolsPropertyDefaultsPostProcessor[255] - For additional web related logging consider setting the 'logging.level.web' property to 'DEBUG'
2021:02:28 18:03:51.368 [restartedMain] INFO  o.s.b.w.e.tomcat.TomcatWebServer[108] - Tomcat initialized with port(s): 8080 (http)
2021:02:28 18:03:51.375 [restartedMain] INFO  o.a.coyote.http11.Http11NioProtocol[173] - Initializing ProtocolHandler ["http-nio-8080"]
2021:02:28 18:03:51.376 [restartedMain] INFO  o.a.catalina.core.StandardService[173] - Starting service [Tomcat]
2021:02:28 18:03:51.376 [restartedMain] INFO  o.a.catalina.core.StandardEngine[173] - Starting Servlet engine: [Apache Tomcat/9.0.41]
2021:02:28 18:03:51.438 [restartedMain] INFO  o.a.c.c.C.[Tomcat].[localhost].[/][173] - Initializing Spring embedded WebApplicationContext
2021:02:28 18:03:51.439 [restartedMain] INFO  o.s.b.w.s.c.ServletWebServerApplicationContext[289] - Root WebApplicationContext: initialization completed in 1080 ms
2021:02:28 18:03:51.916 [restartedMain] INFO  s.d.s.w.PropertySourcedRequestMappingHandlerMapping[69] - Mapped URL path [/v2/api-docs] onto method [springfox.documentation.swagger2.web.Swagger2Controller#getDocumentation(String, HttpServletRequest)]
2021:02:28 18:03:51.973 [restartedMain] INFO  o.s.s.c.ThreadPoolTaskExecutor[181] - Initializing ExecutorService 'applicationTaskExecutor'
2021:02:28 18:03:51.999 [restartedMain] INFO  o.s.b.d.a.OptionalLiveReloadServer[58] - LiveReload server is running on port 35729
2021:02:28 18:03:52.102 [restartedMain] INFO  o.a.coyote.http11.Http11NioProtocol[173] - Starting ProtocolHandler ["http-nio-8080"]
2021:02:28 18:03:52.118 [restartedMain] INFO  o.s.b.w.e.tomcat.TomcatWebServer[220] - Tomcat started on port(s): 8080 (http) with context path ''
2021:02:28 18:03:52.119 [restartedMain] INFO  s.d.s.w.p.DocumentationPluginsBootstrapper[160] - Context refreshed
2021:02:28 18:03:52.128 [restartedMain] INFO  s.d.s.w.p.DocumentationPluginsBootstrapper[163] - Found 1 custom documentation plugin(s)
2021:02:28 18:03:52.157 [restartedMain] INFO  s.d.s.w.s.ApiListingReferenceScanner[41] - Scanning for api listing references
2021:02:28 18:03:52.318 [restartedMain] INFO  com.caddie.voice.y1.Y1Application[61] - Started Y1Application in 2.359 seconds (JVM running for 2.863)
2021:02:28 18:04:00.357 [http-nio-8080-exec-1] INFO  o.a.c.c.C.[Tomcat].[localhost].[/][173] - Initializing Spring DispatcherServlet 'dispatcherServlet'
2021:02:28 18:04:00.357 [http-nio-8080-exec-1] INFO  o.s.web.servlet.DispatcherServlet[525] - Initializing Servlet 'dispatcherServlet'
2021:02:28 18:04:00.358 [http-nio-8080-exec-1] INFO  o.s.web.servlet.DispatcherServlet[547] - Completed initialization in 0 ms
2021:02:28 18:04:00.390 [http-nio-8080-exec-1] INFO  com.zaxxer.hikari.HikariDataSource[110] - HikariPool-1 - Starting...
2021:02:28 18:04:00.583 [http-nio-8080-exec-1] INFO  com.zaxxer.hikari.HikariDataSource[123] - HikariPool-1 - Start completed.
2021:02:28 18:07:04.919 [restartedMain] INFO  com.caddie.voice.y1.Y1Application[55] - Starting Y1Application using Java 15.0.2 on DESKTOP-BDN2EKJ with PID 5364 (C:\workspace-temp\project\build\classes\java\main started by hyunj in C:\workspace-temp\project)
2021:02:28 18:07:04.920 [restartedMain] INFO  com.caddie.voice.y1.Y1Application[664] - The following profiles are active: dev
2021:02:28 18:07:04.952 [restartedMain] INFO  o.s.b.d.e.DevToolsPropertyDefaultsPostProcessor[255] - Devtools property defaults active! Set 'spring.devtools.add-properties' to 'false' to disable
2021:02:28 18:07:04.953 [restartedMain] INFO  o.s.b.d.e.DevToolsPropertyDefaultsPostProcessor[255] - For additional web related logging consider setting the 'logging.level.web' property to 'DEBUG'
2021:02:28 18:07:05.968 [restartedMain] INFO  o.s.b.w.e.tomcat.TomcatWebServer[108] - Tomcat initialized with port(s): 8080 (http)
2021:02:28 18:07:05.981 [restartedMain] INFO  o.a.coyote.http11.Http11NioProtocol[173] - Initializing ProtocolHandler ["http-nio-8080"]
2021:02:28 18:07:05.982 [restartedMain] INFO  o.a.catalina.core.StandardService[173] - Starting service [Tomcat]
2021:02:28 18:07:05.982 [restartedMain] INFO  o.a.catalina.core.StandardEngine[173] - Starting Servlet engine: [Apache Tomcat/9.0.41]
2021:02:28 18:07:06.039 [restartedMain] INFO  o.a.c.c.C.[Tomcat].[localhost].[/][173] - Initializing Spring embedded WebApplicationContext
2021:02:28 18:07:06.040 [restartedMain] INFO  o.s.b.w.s.c.ServletWebServerApplicationContext[289] - Root WebApplicationContext: initialization completed in 1086 ms
2021:02:28 18:07:06.504 [restartedMain] INFO  s.d.s.w.PropertySourcedRequestMappingHandlerMapping[69] - Mapped URL path [/v2/api-docs] onto method [springfox.documentation.swagger2.web.Swagger2Controller#getDocumentation(String, HttpServletRequest)]
2021:02:28 18:07:06.562 [restartedMain] INFO  o.s.s.c.ThreadPoolTaskExecutor[181] - Initializing ExecutorService 'applicationTaskExecutor'
2021:02:28 18:07:06.590 [restartedMain] INFO  o.s.b.d.a.OptionalLiveReloadServer[58] - LiveReload server is running on port 35729
2021:02:28 18:07:06.698 [restartedMain] INFO  o.a.coyote.http11.Http11NioProtocol[173] - Starting ProtocolHandler ["http-nio-8080"]
2021:02:28 18:07:06.714 [restartedMain] INFO  o.s.b.w.e.tomcat.TomcatWebServer[220] - Tomcat started on port(s): 8080 (http) with context path ''
2021:02:28 18:07:06.715 [restartedMain] INFO  s.d.s.w.p.DocumentationPluginsBootstrapper[160] - Context refreshed
2021:02:28 18:07:06.725 [restartedMain] INFO  s.d.s.w.p.DocumentationPluginsBootstrapper[163] - Found 1 custom documentation plugin(s)
2021:02:28 18:07:06.753 [restartedMain] INFO  s.d.s.w.s.ApiListingReferenceScanner[41] - Scanning for api listing references
2021:02:28 18:07:06.903 [restartedMain] INFO  com.caddie.voice.y1.Y1Application[61] - Started Y1Application in 2.385 seconds (JVM running for 2.877)
2021:02:28 18:07:11.940 [http-nio-8080-exec-1] INFO  o.a.c.c.C.[Tomcat].[localhost].[/][173] - Initializing Spring DispatcherServlet 'dispatcherServlet'
2021:02:28 18:07:11.940 [http-nio-8080-exec-1] INFO  o.s.web.servlet.DispatcherServlet[525] - Initializing Servlet 'dispatcherServlet'
2021:02:28 18:07:11.941 [http-nio-8080-exec-1] INFO  o.s.web.servlet.DispatcherServlet[547] - Completed initialization in 1 ms
2021:02:28 18:07:11.971 [http-nio-8080-exec-1] INFO  com.zaxxer.hikari.HikariDataSource[110] - HikariPool-1 - Starting...
2021:02:28 18:07:12.187 [http-nio-8080-exec-1] INFO  com.zaxxer.hikari.HikariDataSource[123] - HikariPool-1 - Start completed.
2021:02:28 18:07:35.154 [restartedMain] INFO  com.caddie.voice.y1.Y1Application[55] - Starting Y1Application using Java 15.0.2 on DESKTOP-BDN2EKJ with PID 2080 (C:\workspace-temp\project\build\classes\java\main started by hyunj in C:\workspace-temp\project)
2021:02:28 18:07:35.155 [restartedMain] INFO  com.caddie.voice.y1.Y1Application[664] - The following profiles are active: dev
2021:02:28 18:07:35.188 [restartedMain] INFO  o.s.b.d.e.DevToolsPropertyDefaultsPostProcessor[255] - Devtools property defaults active! Set 'spring.devtools.add-properties' to 'false' to disable
2021:02:28 18:07:35.188 [restartedMain] INFO  o.s.b.d.e.DevToolsPropertyDefaultsPostProcessor[255] - For additional web related logging consider setting the 'logging.level.web' property to 'DEBUG'
2021:02:28 18:07:36.166 [restartedMain] INFO  o.s.b.w.e.tomcat.TomcatWebServer[108] - Tomcat initialized with port(s): 8080 (http)
2021:02:28 18:07:36.172 [restartedMain] INFO  o.a.coyote.http11.Http11NioProtocol[173] - Initializing ProtocolHandler ["http-nio-8080"]
2021:02:28 18:07:36.173 [restartedMain] INFO  o.a.catalina.core.StandardService[173] - Starting service [Tomcat]
2021:02:28 18:07:36.173 [restartedMain] INFO  o.a.catalina.core.StandardEngine[173] - Starting Servlet engine: [Apache Tomcat/9.0.41]
2021:02:28 18:07:36.232 [restartedMain] INFO  o.a.c.c.C.[Tomcat].[localhost].[/][173] - Initializing Spring embedded WebApplicationContext
2021:02:28 18:07:36.232 [restartedMain] INFO  o.s.b.w.s.c.ServletWebServerApplicationContext[289] - Root WebApplicationContext: initialization completed in 1043 ms
2021:02:28 18:07:36.655 [restartedMain] INFO  s.d.s.w.PropertySourcedRequestMappingHandlerMapping[69] - Mapped URL path [/v2/api-docs] onto method [springfox.documentation.swagger2.web.Swagger2Controller#getDocumentation(String, HttpServletRequest)]
2021:02:28 18:07:36.713 [restartedMain] INFO  o.s.s.c.ThreadPoolTaskExecutor[181] - Initializing ExecutorService 'applicationTaskExecutor'
2021:02:28 18:07:36.741 [restartedMain] INFO  o.s.b.d.a.OptionalLiveReloadServer[58] - LiveReload server is running on port 35729
2021:02:28 18:07:36.864 [restartedMain] INFO  o.a.coyote.http11.Http11NioProtocol[173] - Starting ProtocolHandler ["http-nio-8080"]
2021:02:28 18:07:36.881 [restartedMain] INFO  o.s.b.w.e.tomcat.TomcatWebServer[220] - Tomcat started on port(s): 8080 (http) with context path ''
2021:02:28 18:07:36.882 [restartedMain] INFO  s.d.s.w.p.DocumentationPluginsBootstrapper[160] - Context refreshed
2021:02:28 18:07:36.892 [restartedMain] INFO  s.d.s.w.p.DocumentationPluginsBootstrapper[163] - Found 1 custom documentation plugin(s)
2021:02:28 18:07:36.923 [restartedMain] INFO  s.d.s.w.s.ApiListingReferenceScanner[41] - Scanning for api listing references
2021:02:28 18:07:37.084 [restartedMain] INFO  com.caddie.voice.y1.Y1Application[61] - Started Y1Application in 2.321 seconds (JVM running for 2.817)
2021:02:28 18:07:41.916 [http-nio-8080-exec-1] INFO  o.a.c.c.C.[Tomcat].[localhost].[/][173] - Initializing Spring DispatcherServlet 'dispatcherServlet'
2021:02:28 18:07:41.917 [http-nio-8080-exec-1] INFO  o.s.web.servlet.DispatcherServlet[525] - Initializing Servlet 'dispatcherServlet'
2021:02:28 18:07:41.917 [http-nio-8080-exec-1] INFO  o.s.web.servlet.DispatcherServlet[547] - Completed initialization in 0 ms
2021:02:28 18:07:41.945 [http-nio-8080-exec-1] INFO  com.zaxxer.hikari.HikariDataSource[110] - HikariPool-1 - Starting...
2021:02:28 18:07:42.136 [http-nio-8080-exec-1] INFO  com.zaxxer.hikari.HikariDataSource[123] - HikariPool-1 - Start completed.
2021:02:28 20:48:33.785 [restartedMain] INFO  com.caddie.voice.y1.Y1Application[55] - Starting Y1Application using Java 15.0.2 on DESKTOP-BDN2EKJ with PID 13244 (C:\workspace-temp\project\build\classes\java\main started by hyunj in C:\workspace-temp\project)
2021:02:28 20:48:33.786 [restartedMain] INFO  com.caddie.voice.y1.Y1Application[664] - The following profiles are active: dev
2021:02:28 20:48:33.819 [restartedMain] INFO  o.s.b.d.e.DevToolsPropertyDefaultsPostProcessor[255] - Devtools property defaults active! Set 'spring.devtools.add-properties' to 'false' to disable
2021:02:28 20:48:33.820 [restartedMain] INFO  o.s.b.d.e.DevToolsPropertyDefaultsPostProcessor[255] - For additional web related logging consider setting the 'logging.level.web' property to 'DEBUG'
2021:02:28 20:48:34.951 [restartedMain] INFO  o.s.b.w.e.tomcat.TomcatWebServer[108] - Tomcat initialized with port(s): 8080 (http)
2021:02:28 20:48:34.957 [restartedMain] INFO  o.a.coyote.http11.Http11NioProtocol[173] - Initializing ProtocolHandler ["http-nio-8080"]
2021:02:28 20:48:34.957 [restartedMain] INFO  o.a.catalina.core.StandardService[173] - Starting service [Tomcat]
2021:02:28 20:48:34.958 [restartedMain] INFO  o.a.catalina.core.StandardEngine[173] - Starting Servlet engine: [Apache Tomcat/9.0.41]
2021:02:28 20:48:35.013 [restartedMain] INFO  o.a.c.c.C.[Tomcat].[localhost].[/][173] - Initializing Spring embedded WebApplicationContext
2021:02:28 20:48:35.014 [restartedMain] INFO  o.s.b.w.s.c.ServletWebServerApplicationContext[289] - Root WebApplicationContext: initialization completed in 1194 ms
2021:02:28 20:48:35.496 [restartedMain] INFO  s.d.s.w.PropertySourcedRequestMappingHandlerMapping[69] - Mapped URL path [/v2/api-docs] onto method [springfox.documentation.swagger2.web.Swagger2Controller#getDocumentation(String, HttpServletRequest)]
2021:02:28 20:48:35.557 [restartedMain] INFO  o.s.s.c.ThreadPoolTaskExecutor[181] - Initializing ExecutorService 'applicationTaskExecutor'
2021:02:28 20:48:35.585 [restartedMain] INFO  o.s.b.d.a.OptionalLiveReloadServer[58] - LiveReload server is running on port 35729
2021:02:28 20:48:35.690 [restartedMain] INFO  o.a.coyote.http11.Http11NioProtocol[173] - Starting ProtocolHandler ["http-nio-8080"]
2021:02:28 20:48:35.706 [restartedMain] INFO  o.s.b.w.e.tomcat.TomcatWebServer[220] - Tomcat started on port(s): 8080 (http) with context path ''
2021:02:28 20:48:35.707 [restartedMain] INFO  s.d.s.w.p.DocumentationPluginsBootstrapper[160] - Context refreshed
2021:02:28 20:48:35.716 [restartedMain] INFO  s.d.s.w.p.DocumentationPluginsBootstrapper[163] - Found 1 custom documentation plugin(s)
2021:02:28 20:48:35.746 [restartedMain] INFO  s.d.s.w.s.ApiListingReferenceScanner[41] - Scanning for api listing references
2021:02:28 20:48:35.901 [restartedMain] INFO  com.caddie.voice.y1.Y1Application[61] - Started Y1Application in 2.485 seconds (JVM running for 3.102)
2021:02:28 20:48:41.228 [http-nio-8080-exec-1] INFO  o.a.c.c.C.[Tomcat].[localhost].[/][173] - Initializing Spring DispatcherServlet 'dispatcherServlet'
2021:02:28 20:48:41.228 [http-nio-8080-exec-1] INFO  o.s.web.servlet.DispatcherServlet[525] - Initializing Servlet 'dispatcherServlet'
2021:02:28 20:48:41.229 [http-nio-8080-exec-1] INFO  o.s.web.servlet.DispatcherServlet[547] - Completed initialization in 1 ms
2021:02:28 20:48:41.258 [http-nio-8080-exec-1] INFO  com.zaxxer.hikari.HikariDataSource[110] - HikariPool-1 - Starting...
2021:02:28 20:48:41.456 [http-nio-8080-exec-1] INFO  com.zaxxer.hikari.HikariDataSource[123] - HikariPool-1 - Start completed.
2021:02:28 20:54:58.160 [restartedMain] INFO  com.caddie.voice.y1.Y1Application[55] - Starting Y1Application using Java 15.0.2 on DESKTOP-BDN2EKJ with PID 11064 (C:\workspace-temp\project\build\classes\java\main started by hyunj in C:\workspace-temp\project)
2021:02:28 20:54:58.161 [restartedMain] INFO  com.caddie.voice.y1.Y1Application[664] - The following profiles are active: dev
2021:02:28 20:54:58.196 [restartedMain] INFO  o.s.b.d.e.DevToolsPropertyDefaultsPostProcessor[255] - Devtools property defaults active! Set 'spring.devtools.add-properties' to 'false' to disable
2021:02:28 20:54:58.197 [restartedMain] INFO  o.s.b.d.e.DevToolsPropertyDefaultsPostProcessor[255] - For additional web related logging consider setting the 'logging.level.web' property to 'DEBUG'
2021:02:28 20:54:59.213 [restartedMain] INFO  o.s.b.w.e.tomcat.TomcatWebServer[108] - Tomcat initialized with port(s): 8080 (http)
2021:02:28 20:54:59.226 [restartedMain] INFO  o.a.coyote.http11.Http11NioProtocol[173] - Initializing ProtocolHandler ["http-nio-8080"]
2021:02:28 20:54:59.227 [restartedMain] INFO  o.a.catalina.core.StandardService[173] - Starting service [Tomcat]
2021:02:28 20:54:59.227 [restartedMain] INFO  o.a.catalina.core.StandardEngine[173] - Starting Servlet engine: [Apache Tomcat/9.0.41]
2021:02:28 20:54:59.283 [restartedMain] INFO  o.a.c.c.C.[Tomcat].[localhost].[/][173] - Initializing Spring embedded WebApplicationContext
2021:02:28 20:54:59.283 [restartedMain] INFO  o.s.b.w.s.c.ServletWebServerApplicationContext[289] - Root WebApplicationContext: initialization completed in 1085 ms
2021:02:28 20:54:59.711 [restartedMain] INFO  s.d.s.w.PropertySourcedRequestMappingHandlerMapping[69] - Mapped URL path [/v2/api-docs] onto method [springfox.documentation.swagger2.web.Swagger2Controller#getDocumentation(String, HttpServletRequest)]
2021:02:28 20:54:59.767 [restartedMain] INFO  o.s.s.c.ThreadPoolTaskExecutor[181] - Initializing ExecutorService 'applicationTaskExecutor'
2021:02:28 20:54:59.797 [restartedMain] INFO  o.s.b.d.a.OptionalLiveReloadServer[58] - LiveReload server is running on port 35729
2021:02:28 20:54:59.900 [restartedMain] INFO  o.a.coyote.http11.Http11NioProtocol[173] - Starting ProtocolHandler ["http-nio-8080"]
2021:02:28 20:54:59.915 [restartedMain] INFO  o.s.b.w.e.tomcat.TomcatWebServer[220] - Tomcat started on port(s): 8080 (http) with context path ''
2021:02:28 20:54:59.916 [restartedMain] INFO  s.d.s.w.p.DocumentationPluginsBootstrapper[160] - Context refreshed
2021:02:28 20:54:59.925 [restartedMain] INFO  s.d.s.w.p.DocumentationPluginsBootstrapper[163] - Found 1 custom documentation plugin(s)
2021:02:28 20:54:59.951 [restartedMain] INFO  s.d.s.w.s.ApiListingReferenceScanner[41] - Scanning for api listing references
2021:02:28 20:55:00.106 [restartedMain] INFO  com.caddie.voice.y1.Y1Application[61] - Started Y1Application in 2.294 seconds (JVM running for 2.804)
2021:02:28 20:55:06.429 [http-nio-8080-exec-1] INFO  o.a.c.c.C.[Tomcat].[localhost].[/][173] - Initializing Spring DispatcherServlet 'dispatcherServlet'
2021:02:28 20:55:06.429 [http-nio-8080-exec-1] INFO  o.s.web.servlet.DispatcherServlet[525] - Initializing Servlet 'dispatcherServlet'
2021:02:28 20:55:06.430 [http-nio-8080-exec-1] INFO  o.s.web.servlet.DispatcherServlet[547] - Completed initialization in 1 ms
2021:02:28 20:55:06.462 [http-nio-8080-exec-1] INFO  com.zaxxer.hikari.HikariDataSource[110] - HikariPool-1 - Starting...
2021:02:28 20:55:06.655 [http-nio-8080-exec-1] INFO  com.zaxxer.hikari.HikariDataSource[123] - HikariPool-1 - Start completed.
2021:02:28 21:40:30.286 [restartedMain] INFO  com.caddie.voice.y1.Y1Application[55] - Starting Y1Application using Java 15.0.2 on DESKTOP-BDN2EKJ with PID 11768 (C:\workspace-temp\project\build\classes\java\main started by hyunj in C:\workspace-temp\project)
2021:02:28 21:40:30.287 [restartedMain] INFO  com.caddie.voice.y1.Y1Application[664] - The following profiles are active: dev
2021:02:28 21:40:30.319 [restartedMain] INFO  o.s.b.d.e.DevToolsPropertyDefaultsPostProcessor[255] - Devtools property defaults active! Set 'spring.devtools.add-properties' to 'false' to disable
2021:02:28 21:40:30.320 [restartedMain] INFO  o.s.b.d.e.DevToolsPropertyDefaultsPostProcessor[255] - For additional web related logging consider setting the 'logging.level.web' property to 'DEBUG'
2021:02:28 21:40:31.328 [restartedMain] INFO  o.s.b.w.e.tomcat.TomcatWebServer[108] - Tomcat initialized with port(s): 8080 (http)
2021:02:28 21:40:31.335 [restartedMain] INFO  o.a.coyote.http11.Http11NioProtocol[173] - Initializing ProtocolHandler ["http-nio-8080"]
2021:02:28 21:40:31.335 [restartedMain] INFO  o.a.catalina.core.StandardService[173] - Starting service [Tomcat]
2021:02:28 21:40:31.336 [restartedMain] INFO  o.a.catalina.core.StandardEngine[173] - Starting Servlet engine: [Apache Tomcat/9.0.41]
2021:02:28 21:40:31.396 [restartedMain] INFO  o.a.c.c.C.[Tomcat].[localhost].[/][173] - Initializing Spring embedded WebApplicationContext
2021:02:28 21:40:31.396 [restartedMain] INFO  o.s.b.w.s.c.ServletWebServerApplicationContext[289] - Root WebApplicationContext: initialization completed in 1075 ms
2021:02:28 21:40:31.831 [restartedMain] INFO  s.d.s.w.PropertySourcedRequestMappingHandlerMapping[69] - Mapped URL path [/v2/api-docs] onto method [springfox.documentation.swagger2.web.Swagger2Controller#getDocumentation(String, HttpServletRequest)]
2021:02:28 21:40:31.889 [restartedMain] INFO  o.s.s.c.ThreadPoolTaskExecutor[181] - Initializing ExecutorService 'applicationTaskExecutor'
2021:02:28 21:40:31.917 [restartedMain] INFO  o.s.b.d.a.OptionalLiveReloadServer[58] - LiveReload server is running on port 35729
2021:02:28 21:40:32.022 [restartedMain] INFO  o.a.coyote.http11.Http11NioProtocol[173] - Starting ProtocolHandler ["http-nio-8080"]
2021:02:28 21:40:32.036 [restartedMain] INFO  o.s.b.w.e.tomcat.TomcatWebServer[220] - Tomcat started on port(s): 8080 (http) with context path ''
2021:02:28 21:40:32.037 [restartedMain] INFO  s.d.s.w.p.DocumentationPluginsBootstrapper[160] - Context refreshed
2021:02:28 21:40:32.046 [restartedMain] INFO  s.d.s.w.p.DocumentationPluginsBootstrapper[163] - Found 1 custom documentation plugin(s)
2021:02:28 21:40:32.073 [restartedMain] INFO  s.d.s.w.s.ApiListingReferenceScanner[41] - Scanning for api listing references
2021:02:28 21:40:32.224 [restartedMain] INFO  com.caddie.voice.y1.Y1Application[61] - Started Y1Application in 2.512 seconds (JVM running for 3.078)
2021:02:28 21:40:37.504 [http-nio-8080-exec-1] INFO  o.a.c.c.C.[Tomcat].[localhost].[/][173] - Initializing Spring DispatcherServlet 'dispatcherServlet'
2021:02:28 21:40:37.504 [http-nio-8080-exec-1] INFO  o.s.web.servlet.DispatcherServlet[525] - Initializing Servlet 'dispatcherServlet'
2021:02:28 21:40:37.506 [http-nio-8080-exec-1] INFO  o.s.web.servlet.DispatcherServlet[547] - Completed initialization in 2 ms
2021:02:28 21:40:37.534 [http-nio-8080-exec-1] INFO  com.zaxxer.hikari.HikariDataSource[110] - HikariPool-1 - Starting...
2021:02:28 21:40:37.743 [http-nio-8080-exec-1] INFO  com.zaxxer.hikari.HikariDataSource[123] - HikariPool-1 - Start completed.
2021:02:28 21:42:59.088 [restartedMain] INFO  com.caddie.voice.y1.Y1Application[55] - Starting Y1Application using Java 15.0.2 on DESKTOP-BDN2EKJ with PID 7784 (C:\workspace-temp\project\build\classes\java\main started by hyunj in C:\workspace-temp\project)
2021:02:28 21:42:59.089 [restartedMain] INFO  com.caddie.voice.y1.Y1Application[664] - The following profiles are active: dev
2021:02:28 21:42:59.127 [restartedMain] INFO  o.s.b.d.e.DevToolsPropertyDefaultsPostProcessor[255] - Devtools property defaults active! Set 'spring.devtools.add-properties' to 'false' to disable
2021:02:28 21:42:59.127 [restartedMain] INFO  o.s.b.d.e.DevToolsPropertyDefaultsPostProcessor[255] - For additional web related logging consider setting the 'logging.level.web' property to 'DEBUG'
2021:02:28 21:43:00.121 [restartedMain] INFO  o.s.b.w.e.tomcat.TomcatWebServer[108] - Tomcat initialized with port(s): 8080 (http)
2021:02:28 21:43:00.135 [restartedMain] INFO  o.a.coyote.http11.Http11NioProtocol[173] - Initializing ProtocolHandler ["http-nio-8080"]
2021:02:28 21:43:00.136 [restartedMain] INFO  o.a.catalina.core.StandardService[173] - Starting service [Tomcat]
2021:02:28 21:43:00.136 [restartedMain] INFO  o.a.catalina.core.StandardEngine[173] - Starting Servlet engine: [Apache Tomcat/9.0.41]
2021:02:28 21:43:00.195 [restartedMain] INFO  o.a.c.c.C.[Tomcat].[localhost].[/][173] - Initializing Spring embedded WebApplicationContext
2021:02:28 21:43:00.195 [restartedMain] INFO  o.s.b.w.s.c.ServletWebServerApplicationContext[289] - Root WebApplicationContext: initialization completed in 1067 ms
2021:02:28 21:43:00.645 [restartedMain] INFO  s.d.s.w.PropertySourcedRequestMappingHandlerMapping[69] - Mapped URL path [/v2/api-docs] onto method [springfox.documentation.swagger2.web.Swagger2Controller#getDocumentation(String, HttpServletRequest)]
2021:02:28 21:43:00.701 [restartedMain] INFO  o.s.s.c.ThreadPoolTaskExecutor[181] - Initializing ExecutorService 'applicationTaskExecutor'
2021:02:28 21:43:00.729 [restartedMain] INFO  o.s.b.d.a.OptionalLiveReloadServer[58] - LiveReload server is running on port 35729
2021:02:28 21:43:00.839 [restartedMain] INFO  o.a.coyote.http11.Http11NioProtocol[173] - Starting ProtocolHandler ["http-nio-8080"]
2021:02:28 21:43:00.855 [restartedMain] INFO  o.s.b.w.e.tomcat.TomcatWebServer[220] - Tomcat started on port(s): 8080 (http) with context path ''
2021:02:28 21:43:00.856 [restartedMain] INFO  s.d.s.w.p.DocumentationPluginsBootstrapper[160] - Context refreshed
2021:02:28 21:43:00.865 [restartedMain] INFO  s.d.s.w.p.DocumentationPluginsBootstrapper[163] - Found 1 custom documentation plugin(s)
2021:02:28 21:43:00.894 [restartedMain] INFO  s.d.s.w.s.ApiListingReferenceScanner[41] - Scanning for api listing references
2021:02:28 21:43:01.052 [restartedMain] INFO  com.caddie.voice.y1.Y1Application[61] - Started Y1Application in 2.306 seconds (JVM running for 2.819)
2021:02:28 21:43:05.259 [http-nio-8080-exec-1] INFO  o.a.c.c.C.[Tomcat].[localhost].[/][173] - Initializing Spring DispatcherServlet 'dispatcherServlet'
2021:02:28 21:43:05.259 [http-nio-8080-exec-1] INFO  o.s.web.servlet.DispatcherServlet[525] - Initializing Servlet 'dispatcherServlet'
2021:02:28 21:43:05.260 [http-nio-8080-exec-1] INFO  o.s.web.servlet.DispatcherServlet[547] - Completed initialization in 1 ms
2021:02:28 21:43:05.289 [http-nio-8080-exec-1] INFO  com.zaxxer.hikari.HikariDataSource[110] - HikariPool-1 - Starting...
2021:02:28 21:43:05.481 [http-nio-8080-exec-1] INFO  com.zaxxer.hikari.HikariDataSource[123] - HikariPool-1 - Start completed.
2021:02:28 21:47:30.378 [restartedMain] INFO  com.caddie.voice.y1.Y1Application[55] - Starting Y1Application using Java 15.0.2 on DESKTOP-BDN2EKJ with PID 10640 (C:\workspace-temp\project\build\classes\java\main started by hyunj in C:\workspace-temp\project)
2021:02:28 21:47:30.378 [restartedMain] INFO  com.caddie.voice.y1.Y1Application[664] - The following profiles are active: dev
2021:02:28 21:47:30.412 [restartedMain] INFO  o.s.b.d.e.DevToolsPropertyDefaultsPostProcessor[255] - Devtools property defaults active! Set 'spring.devtools.add-properties' to 'false' to disable
2021:02:28 21:47:30.412 [restartedMain] INFO  o.s.b.d.e.DevToolsPropertyDefaultsPostProcessor[255] - For additional web related logging consider setting the 'logging.level.web' property to 'DEBUG'
2021:02:28 21:47:31.408 [restartedMain] INFO  o.s.b.w.e.tomcat.TomcatWebServer[108] - Tomcat initialized with port(s): 8080 (http)
2021:02:28 21:47:31.414 [restartedMain] INFO  o.a.coyote.http11.Http11NioProtocol[173] - Initializing ProtocolHandler ["http-nio-8080"]
2021:02:28 21:47:31.414 [restartedMain] INFO  o.a.catalina.core.StandardService[173] - Starting service [Tomcat]
2021:02:28 21:47:31.414 [restartedMain] INFO  o.a.catalina.core.StandardEngine[173] - Starting Servlet engine: [Apache Tomcat/9.0.41]
2021:02:28 21:47:31.471 [restartedMain] INFO  o.a.c.c.C.[Tomcat].[localhost].[/][173] - Initializing Spring embedded WebApplicationContext
2021:02:28 21:47:31.471 [restartedMain] INFO  o.s.b.w.s.c.ServletWebServerApplicationContext[289] - Root WebApplicationContext: initialization completed in 1058 ms
2021:02:28 21:47:31.905 [restartedMain] INFO  s.d.s.w.PropertySourcedRequestMappingHandlerMapping[69] - Mapped URL path [/v2/api-docs] onto method [springfox.documentation.swagger2.web.Swagger2Controller#getDocumentation(String, HttpServletRequest)]
2021:02:28 21:47:31.961 [restartedMain] INFO  o.s.s.c.ThreadPoolTaskExecutor[181] - Initializing ExecutorService 'applicationTaskExecutor'
2021:02:28 21:47:31.988 [restartedMain] INFO  o.s.b.d.a.OptionalLiveReloadServer[58] - LiveReload server is running on port 35729
2021:02:28 21:47:32.093 [restartedMain] INFO  o.a.coyote.http11.Http11NioProtocol[173] - Starting ProtocolHandler ["http-nio-8080"]
2021:02:28 21:47:32.108 [restartedMain] INFO  o.s.b.w.e.tomcat.TomcatWebServer[220] - Tomcat started on port(s): 8080 (http) with context path ''
2021:02:28 21:47:32.109 [restartedMain] INFO  s.d.s.w.p.DocumentationPluginsBootstrapper[160] - Context refreshed
2021:02:28 21:47:32.118 [restartedMain] INFO  s.d.s.w.p.DocumentationPluginsBootstrapper[163] - Found 1 custom documentation plugin(s)
2021:02:28 21:47:32.146 [restartedMain] INFO  s.d.s.w.s.ApiListingReferenceScanner[41] - Scanning for api listing references
2021:02:28 21:47:32.301 [restartedMain] INFO  com.caddie.voice.y1.Y1Application[61] - Started Y1Application in 2.42 seconds (JVM running for 2.961)
2021:02:28 21:47:35.610 [http-nio-8080-exec-1] INFO  o.a.c.c.C.[Tomcat].[localhost].[/][173] - Initializing Spring DispatcherServlet 'dispatcherServlet'
2021:02:28 21:47:35.611 [http-nio-8080-exec-1] INFO  o.s.web.servlet.DispatcherServlet[525] - Initializing Servlet 'dispatcherServlet'
2021:02:28 21:47:35.612 [http-nio-8080-exec-1] INFO  o.s.web.servlet.DispatcherServlet[547] - Completed initialization in 1 ms
2021:02:28 21:47:35.641 [http-nio-8080-exec-1] INFO  com.zaxxer.hikari.HikariDataSource[110] - HikariPool-1 - Starting...
2021:02:28 21:47:35.826 [http-nio-8080-exec-1] INFO  com.zaxxer.hikari.HikariDataSource[123] - HikariPool-1 - Start completed.
2021:02:28 21:47:42.499 [restartedMain] INFO  com.caddie.voice.y1.Y1Application[55] - Starting Y1Application using Java 15.0.2 on DESKTOP-BDN2EKJ with PID 8952 (C:\workspace-temp\project\build\classes\java\main started by hyunj in C:\workspace-temp\project)
2021:02:28 21:47:42.501 [restartedMain] INFO  com.caddie.voice.y1.Y1Application[664] - The following profiles are active: dev
2021:02:28 21:47:42.535 [restartedMain] INFO  o.s.b.d.e.DevToolsPropertyDefaultsPostProcessor[255] - Devtools property defaults active! Set 'spring.devtools.add-properties' to 'false' to disable
2021:02:28 21:47:42.536 [restartedMain] INFO  o.s.b.d.e.DevToolsPropertyDefaultsPostProcessor[255] - For additional web related logging consider setting the 'logging.level.web' property to 'DEBUG'
2021:02:28 21:47:43.563 [restartedMain] INFO  o.s.b.w.e.tomcat.TomcatWebServer[108] - Tomcat initialized with port(s): 8080 (http)
2021:02:28 21:47:43.569 [restartedMain] INFO  o.a.coyote.http11.Http11NioProtocol[173] - Initializing ProtocolHandler ["http-nio-8080"]
2021:02:28 21:47:43.570 [restartedMain] INFO  o.a.catalina.core.StandardService[173] - Starting service [Tomcat]
2021:02:28 21:47:43.570 [restartedMain] INFO  o.a.catalina.core.StandardEngine[173] - Starting Servlet engine: [Apache Tomcat/9.0.41]
2021:02:28 21:47:43.631 [restartedMain] INFO  o.a.c.c.C.[Tomcat].[localhost].[/][173] - Initializing Spring embedded WebApplicationContext
2021:02:28 21:47:43.631 [restartedMain] INFO  o.s.b.w.s.c.ServletWebServerApplicationContext[289] - Root WebApplicationContext: initialization completed in 1094 ms
2021:02:28 21:47:44.082 [restartedMain] INFO  s.d.s.w.PropertySourcedRequestMappingHandlerMapping[69] - Mapped URL path [/v2/api-docs] onto method [springfox.documentation.swagger2.web.Swagger2Controller#getDocumentation(String, HttpServletRequest)]
2021:02:28 21:47:44.139 [restartedMain] INFO  o.s.s.c.ThreadPoolTaskExecutor[181] - Initializing ExecutorService 'applicationTaskExecutor'
2021:02:28 21:47:44.167 [restartedMain] INFO  o.s.b.d.a.OptionalLiveReloadServer[58] - LiveReload server is running on port 35729
2021:02:28 21:47:44.271 [restartedMain] INFO  o.a.coyote.http11.Http11NioProtocol[173] - Starting ProtocolHandler ["http-nio-8080"]
2021:02:28 21:47:44.286 [restartedMain] INFO  o.s.b.w.e.tomcat.TomcatWebServer[220] - Tomcat started on port(s): 8080 (http) with context path ''
2021:02:28 21:47:44.287 [restartedMain] INFO  s.d.s.w.p.DocumentationPluginsBootstrapper[160] - Context refreshed
2021:02:28 21:47:44.297 [restartedMain] INFO  s.d.s.w.p.DocumentationPluginsBootstrapper[163] - Found 1 custom documentation plugin(s)
2021:02:28 21:47:44.323 [restartedMain] INFO  s.d.s.w.s.ApiListingReferenceScanner[41] - Scanning for api listing references
2021:02:28 21:47:44.498 [restartedMain] INFO  com.caddie.voice.y1.Y1Application[61] - Started Y1Application in 2.368 seconds (JVM running for 2.911)
2021:02:28 21:48:09.435 [restartedMain] INFO  com.caddie.voice.y1.Y1Application[55] - Starting Y1Application using Java 15.0.2 on DESKTOP-BDN2EKJ with PID 11972 (C:\workspace-temp\project\build\classes\java\main started by hyunj in C:\workspace-temp\project)
2021:02:28 21:48:09.436 [restartedMain] INFO  com.caddie.voice.y1.Y1Application[664] - The following profiles are active: dev
2021:02:28 21:48:09.472 [restartedMain] INFO  o.s.b.d.e.DevToolsPropertyDefaultsPostProcessor[255] - Devtools property defaults active! Set 'spring.devtools.add-properties' to 'false' to disable
2021:02:28 21:48:09.472 [restartedMain] INFO  o.s.b.d.e.DevToolsPropertyDefaultsPostProcessor[255] - For additional web related logging consider setting the 'logging.level.web' property to 'DEBUG'
2021:02:28 21:48:10.440 [restartedMain] INFO  o.s.b.w.e.tomcat.TomcatWebServer[108] - Tomcat initialized with port(s): 8080 (http)
2021:02:28 21:48:10.446 [restartedMain] INFO  o.a.coyote.http11.Http11NioProtocol[173] - Initializing ProtocolHandler ["http-nio-8080"]
2021:02:28 21:48:10.446 [restartedMain] INFO  o.a.catalina.core.StandardService[173] - Starting service [Tomcat]
2021:02:28 21:48:10.447 [restartedMain] INFO  o.a.catalina.core.StandardEngine[173] - Starting Servlet engine: [Apache Tomcat/9.0.41]
2021:02:28 21:48:10.503 [restartedMain] INFO  o.a.c.c.C.[Tomcat].[localhost].[/][173] - Initializing Spring embedded WebApplicationContext
2021:02:28 21:48:10.503 [restartedMain] INFO  o.s.b.w.s.c.ServletWebServerApplicationContext[289] - Root WebApplicationContext: initialization completed in 1030 ms
2021:02:28 21:48:10.931 [restartedMain] INFO  s.d.s.w.PropertySourcedRequestMappingHandlerMapping[69] - Mapped URL path [/v2/api-docs] onto method [springfox.documentation.swagger2.web.Swagger2Controller#getDocumentation(String, HttpServletRequest)]
2021:02:28 21:48:10.989 [restartedMain] INFO  o.s.s.c.ThreadPoolTaskExecutor[181] - Initializing ExecutorService 'applicationTaskExecutor'
2021:02:28 21:48:11.017 [restartedMain] INFO  o.s.b.d.a.OptionalLiveReloadServer[58] - LiveReload server is running on port 35729
2021:02:28 21:48:11.122 [restartedMain] INFO  o.a.coyote.http11.Http11NioProtocol[173] - Starting ProtocolHandler ["http-nio-8080"]
2021:02:28 21:48:11.137 [restartedMain] INFO  o.s.b.w.e.tomcat.TomcatWebServer[220] - Tomcat started on port(s): 8080 (http) with context path ''
2021:02:28 21:48:11.138 [restartedMain] INFO  s.d.s.w.p.DocumentationPluginsBootstrapper[160] - Context refreshed
2021:02:28 21:48:11.147 [restartedMain] INFO  s.d.s.w.p.DocumentationPluginsBootstrapper[163] - Found 1 custom documentation plugin(s)
2021:02:28 21:48:11.173 [restartedMain] INFO  s.d.s.w.s.ApiListingReferenceScanner[41] - Scanning for api listing references
2021:02:28 21:48:11.321 [restartedMain] INFO  com.caddie.voice.y1.Y1Application[61] - Started Y1Application in 2.23 seconds (JVM running for 2.733)
2021:02:28 21:48:17.346 [http-nio-8080-exec-1] INFO  o.a.c.c.C.[Tomcat].[localhost].[/][173] - Initializing Spring DispatcherServlet 'dispatcherServlet'
2021:02:28 21:48:17.346 [http-nio-8080-exec-1] INFO  o.s.web.servlet.DispatcherServlet[525] - Initializing Servlet 'dispatcherServlet'
2021:02:28 21:48:17.347 [http-nio-8080-exec-1] INFO  o.s.web.servlet.DispatcherServlet[547] - Completed initialization in 1 ms
2021:02:28 21:48:21.450 [http-nio-8080-exec-9] INFO  com.zaxxer.hikari.HikariDataSource[110] - HikariPool-1 - Starting...
2021:02:28 21:48:21.646 [http-nio-8080-exec-9] INFO  com.zaxxer.hikari.HikariDataSource[123] - HikariPool-1 - Start completed.
2021:02:28 21:50:35.807 [restartedMain] INFO  com.caddie.voice.y1.Y1Application[55] - Starting Y1Application using Java 15.0.2 on DESKTOP-BDN2EKJ with PID 10380 (C:\workspace-temp\project\build\classes\java\main started by hyunj in C:\workspace-temp\project)
2021:02:28 21:50:35.808 [restartedMain] INFO  com.caddie.voice.y1.Y1Application[664] - The following profiles are active: dev
2021:02:28 21:50:35.840 [restartedMain] INFO  o.s.b.d.e.DevToolsPropertyDefaultsPostProcessor[255] - Devtools property defaults active! Set 'spring.devtools.add-properties' to 'false' to disable
2021:02:28 21:50:35.841 [restartedMain] INFO  o.s.b.d.e.DevToolsPropertyDefaultsPostProcessor[255] - For additional web related logging consider setting the 'logging.level.web' property to 'DEBUG'
2021:02:28 21:50:36.841 [restartedMain] INFO  o.s.b.w.e.tomcat.TomcatWebServer[108] - Tomcat initialized with port(s): 8080 (http)
2021:02:28 21:50:36.848 [restartedMain] INFO  o.a.coyote.http11.Http11NioProtocol[173] - Initializing ProtocolHandler ["http-nio-8080"]
2021:02:28 21:50:36.849 [restartedMain] INFO  o.a.catalina.core.StandardService[173] - Starting service [Tomcat]
2021:02:28 21:50:36.849 [restartedMain] INFO  o.a.catalina.core.StandardEngine[173] - Starting Servlet engine: [Apache Tomcat/9.0.41]
2021:02:28 21:50:36.906 [restartedMain] INFO  o.a.c.c.C.[Tomcat].[localhost].[/][173] - Initializing Spring embedded WebApplicationContext
2021:02:28 21:50:36.906 [restartedMain] INFO  o.s.b.w.s.c.ServletWebServerApplicationContext[289] - Root WebApplicationContext: initialization completed in 1064 ms
2021:02:28 21:50:37.359 [restartedMain] INFO  s.d.s.w.PropertySourcedRequestMappingHandlerMapping[69] - Mapped URL path [/v2/api-docs] onto method [springfox.documentation.swagger2.web.Swagger2Controller#getDocumentation(String, HttpServletRequest)]
2021:02:28 21:50:37.420 [restartedMain] INFO  o.s.s.c.ThreadPoolTaskExecutor[181] - Initializing ExecutorService 'applicationTaskExecutor'
2021:02:28 21:50:37.450 [restartedMain] INFO  o.s.b.d.a.OptionalLiveReloadServer[58] - LiveReload server is running on port 35729
2021:02:28 21:50:37.559 [restartedMain] INFO  o.a.coyote.http11.Http11NioProtocol[173] - Starting ProtocolHandler ["http-nio-8080"]
2021:02:28 21:50:37.575 [restartedMain] INFO  o.s.b.w.e.tomcat.TomcatWebServer[220] - Tomcat started on port(s): 8080 (http) with context path ''
2021:02:28 21:50:37.576 [restartedMain] INFO  s.d.s.w.p.DocumentationPluginsBootstrapper[160] - Context refreshed
2021:02:28 21:50:37.585 [restartedMain] INFO  s.d.s.w.p.DocumentationPluginsBootstrapper[163] - Found 1 custom documentation plugin(s)
2021:02:28 21:50:37.611 [restartedMain] INFO  s.d.s.w.s.ApiListingReferenceScanner[41] - Scanning for api listing references
2021:02:28 21:50:37.760 [restartedMain] INFO  com.caddie.voice.y1.Y1Application[61] - Started Y1Application in 2.338 seconds (JVM running for 2.827)
2021:02:28 21:51:04.596 [restartedMain] INFO  com.caddie.voice.y1.Y1Application[55] - Starting Y1Application using Java 15.0.2 on DESKTOP-BDN2EKJ with PID 9852 (C:\workspace-temp\project\build\classes\java\main started by hyunj in C:\workspace-temp\project)
2021:02:28 21:51:04.597 [restartedMain] INFO  com.caddie.voice.y1.Y1Application[664] - The following profiles are active: dev
2021:02:28 21:51:04.637 [restartedMain] INFO  o.s.b.d.e.DevToolsPropertyDefaultsPostProcessor[255] - Devtools property defaults active! Set 'spring.devtools.add-properties' to 'false' to disable
2021:02:28 21:51:04.637 [restartedMain] INFO  o.s.b.d.e.DevToolsPropertyDefaultsPostProcessor[255] - For additional web related logging consider setting the 'logging.level.web' property to 'DEBUG'
2021:02:28 21:51:05.616 [restartedMain] INFO  o.s.b.w.e.tomcat.TomcatWebServer[108] - Tomcat initialized with port(s): 8080 (http)
2021:02:28 21:51:05.622 [restartedMain] INFO  o.a.coyote.http11.Http11NioProtocol[173] - Initializing ProtocolHandler ["http-nio-8080"]
2021:02:28 21:51:05.623 [restartedMain] INFO  o.a.catalina.core.StandardService[173] - Starting service [Tomcat]
2021:02:28 21:51:05.623 [restartedMain] INFO  o.a.catalina.core.StandardEngine[173] - Starting Servlet engine: [Apache Tomcat/9.0.41]
2021:02:28 21:51:05.680 [restartedMain] INFO  o.a.c.c.C.[Tomcat].[localhost].[/][173] - Initializing Spring embedded WebApplicationContext
2021:02:28 21:51:05.680 [restartedMain] INFO  o.s.b.w.s.c.ServletWebServerApplicationContext[289] - Root WebApplicationContext: initialization completed in 1042 ms
2021:02:28 21:51:06.109 [restartedMain] INFO  s.d.s.w.PropertySourcedRequestMappingHandlerMapping[69] - Mapped URL path [/v2/api-docs] onto method [springfox.documentation.swagger2.web.Swagger2Controller#getDocumentation(String, HttpServletRequest)]
2021:02:28 21:51:06.165 [restartedMain] INFO  o.s.s.c.ThreadPoolTaskExecutor[181] - Initializing ExecutorService 'applicationTaskExecutor'
2021:02:28 21:51:06.193 [restartedMain] INFO  o.s.b.d.a.OptionalLiveReloadServer[58] - LiveReload server is running on port 35729
2021:02:28 21:51:06.297 [restartedMain] INFO  o.a.coyote.http11.Http11NioProtocol[173] - Starting ProtocolHandler ["http-nio-8080"]
2021:02:28 21:51:06.311 [restartedMain] INFO  o.s.b.w.e.tomcat.TomcatWebServer[220] - Tomcat started on port(s): 8080 (http) with context path ''
2021:02:28 21:51:06.312 [restartedMain] INFO  s.d.s.w.p.DocumentationPluginsBootstrapper[160] - Context refreshed
2021:02:28 21:51:06.322 [restartedMain] INFO  s.d.s.w.p.DocumentationPluginsBootstrapper[163] - Found 1 custom documentation plugin(s)
2021:02:28 21:51:06.348 [restartedMain] INFO  s.d.s.w.s.ApiListingReferenceScanner[41] - Scanning for api listing references
2021:02:28 21:51:06.498 [restartedMain] INFO  com.caddie.voice.y1.Y1Application[61] - Started Y1Application in 2.251 seconds (JVM running for 2.754)
2021:02:28 21:51:13.563 [http-nio-8080-exec-1] INFO  o.a.c.c.C.[Tomcat].[localhost].[/][173] - Initializing Spring DispatcherServlet 'dispatcherServlet'
2021:02:28 21:51:13.563 [http-nio-8080-exec-1] INFO  o.s.web.servlet.DispatcherServlet[525] - Initializing Servlet 'dispatcherServlet'
2021:02:28 21:51:13.564 [http-nio-8080-exec-1] INFO  o.s.web.servlet.DispatcherServlet[547] - Completed initialization in 1 ms
2021:02:28 21:51:13.593 [http-nio-8080-exec-1] INFO  com.zaxxer.hikari.HikariDataSource[110] - HikariPool-1 - Starting...
2021:02:28 21:51:13.782 [http-nio-8080-exec-1] INFO  com.zaxxer.hikari.HikariDataSource[123] - HikariPool-1 - Start completed.
2021:02:28 21:51:47.485 [restartedMain] INFO  com.caddie.voice.y1.Y1Application[55] - Starting Y1Application using Java 15.0.2 on DESKTOP-BDN2EKJ with PID 11384 (C:\workspace-temp\project\build\classes\java\main started by hyunj in C:\workspace-temp\project)
2021:02:28 21:51:47.486 [restartedMain] INFO  com.caddie.voice.y1.Y1Application[664] - The following profiles are active: dev
2021:02:28 21:51:47.516 [restartedMain] INFO  o.s.b.d.e.DevToolsPropertyDefaultsPostProcessor[255] - Devtools property defaults active! Set 'spring.devtools.add-properties' to 'false' to disable
2021:02:28 21:51:47.517 [restartedMain] INFO  o.s.b.d.e.DevToolsPropertyDefaultsPostProcessor[255] - For additional web related logging consider setting the 'logging.level.web' property to 'DEBUG'
2021:02:28 21:51:48.540 [restartedMain] INFO  o.s.b.w.e.tomcat.TomcatWebServer[108] - Tomcat initialized with port(s): 8080 (http)
2021:02:28 21:51:48.547 [restartedMain] INFO  o.a.coyote.http11.Http11NioProtocol[173] - Initializing ProtocolHandler ["http-nio-8080"]
2021:02:28 21:51:48.547 [restartedMain] INFO  o.a.catalina.core.StandardService[173] - Starting service [Tomcat]
2021:02:28 21:51:48.547 [restartedMain] INFO  o.a.catalina.core.StandardEngine[173] - Starting Servlet engine: [Apache Tomcat/9.0.41]
2021:02:28 21:51:48.609 [restartedMain] INFO  o.a.c.c.C.[Tomcat].[localhost].[/][173] - Initializing Spring embedded WebApplicationContext
2021:02:28 21:51:48.609 [restartedMain] INFO  o.s.b.w.s.c.ServletWebServerApplicationContext[289] - Root WebApplicationContext: initialization completed in 1091 ms
2021:02:28 21:51:49.061 [restartedMain] INFO  s.d.s.w.PropertySourcedRequestMappingHandlerMapping[69] - Mapped URL path [/v2/api-docs] onto method [springfox.documentation.swagger2.web.Swagger2Controller#getDocumentation(String, HttpServletRequest)]
2021:02:28 21:51:49.122 [restartedMain] INFO  o.s.s.c.ThreadPoolTaskExecutor[181] - Initializing ExecutorService 'applicationTaskExecutor'
2021:02:28 21:51:49.150 [restartedMain] INFO  o.s.b.d.a.OptionalLiveReloadServer[58] - LiveReload server is running on port 35729
2021:02:28 21:51:49.253 [restartedMain] INFO  o.a.coyote.http11.Http11NioProtocol[173] - Starting ProtocolHandler ["http-nio-8080"]
2021:02:28 21:51:49.267 [restartedMain] INFO  o.s.b.w.e.tomcat.TomcatWebServer[220] - Tomcat started on port(s): 8080 (http) with context path ''
2021:02:28 21:51:49.268 [restartedMain] INFO  s.d.s.w.p.DocumentationPluginsBootstrapper[160] - Context refreshed
2021:02:28 21:51:49.278 [restartedMain] INFO  s.d.s.w.p.DocumentationPluginsBootstrapper[163] - Found 1 custom documentation plugin(s)
2021:02:28 21:51:49.304 [restartedMain] INFO  s.d.s.w.s.ApiListingReferenceScanner[41] - Scanning for api listing references
2021:02:28 21:51:49.464 [restartedMain] INFO  com.caddie.voice.y1.Y1Application[61] - Started Y1Application in 2.333 seconds (JVM running for 2.862)
2021:02:28 21:51:53.831 [http-nio-8080-exec-1] INFO  o.a.c.c.C.[Tomcat].[localhost].[/][173] - Initializing Spring DispatcherServlet 'dispatcherServlet'
2021:02:28 21:51:53.831 [http-nio-8080-exec-1] INFO  o.s.web.servlet.DispatcherServlet[525] - Initializing Servlet 'dispatcherServlet'
2021:02:28 21:51:53.832 [http-nio-8080-exec-1] INFO  o.s.web.servlet.DispatcherServlet[547] - Completed initialization in 1 ms
2021:02:28 21:51:53.862 [http-nio-8080-exec-1] INFO  com.zaxxer.hikari.HikariDataSource[110] - HikariPool-1 - Starting...
2021:02:28 21:51:54.069 [http-nio-8080-exec-1] INFO  com.zaxxer.hikari.HikariDataSource[123] - HikariPool-1 - Start completed.
2021:02:28 21:54:02.275 [restartedMain] INFO  com.caddie.voice.y1.Y1Application[55] - Starting Y1Application using Java 15.0.2 on DESKTOP-BDN2EKJ with PID 10576 (C:\workspace-temp\project\build\classes\java\main started by hyunj in C:\workspace-temp\project)
2021:02:28 21:54:02.276 [restartedMain] INFO  com.caddie.voice.y1.Y1Application[664] - The following profiles are active: dev
2021:02:28 21:54:02.308 [restartedMain] INFO  o.s.b.d.e.DevToolsPropertyDefaultsPostProcessor[255] - Devtools property defaults active! Set 'spring.devtools.add-properties' to 'false' to disable
2021:02:28 21:54:02.309 [restartedMain] INFO  o.s.b.d.e.DevToolsPropertyDefaultsPostProcessor[255] - For additional web related logging consider setting the 'logging.level.web' property to 'DEBUG'
2021:02:28 21:54:03.277 [restartedMain] INFO  o.s.b.w.e.tomcat.TomcatWebServer[108] - Tomcat initialized with port(s): 8080 (http)
2021:02:28 21:54:03.283 [restartedMain] INFO  o.a.coyote.http11.Http11NioProtocol[173] - Initializing ProtocolHandler ["http-nio-8080"]
2021:02:28 21:54:03.284 [restartedMain] INFO  o.a.catalina.core.StandardService[173] - Starting service [Tomcat]
2021:02:28 21:54:03.284 [restartedMain] INFO  o.a.catalina.core.StandardEngine[173] - Starting Servlet engine: [Apache Tomcat/9.0.41]
2021:02:28 21:54:03.339 [restartedMain] INFO  o.a.c.c.C.[Tomcat].[localhost].[/][173] - Initializing Spring embedded WebApplicationContext
2021:02:28 21:54:03.339 [restartedMain] INFO  o.s.b.w.s.c.ServletWebServerApplicationContext[289] - Root WebApplicationContext: initialization completed in 1029 ms
2021:02:28 21:54:03.773 [restartedMain] INFO  s.d.s.w.PropertySourcedRequestMappingHandlerMapping[69] - Mapped URL path [/v2/api-docs] onto method [springfox.documentation.swagger2.web.Swagger2Controller#getDocumentation(String, HttpServletRequest)]
2021:02:28 21:54:03.829 [restartedMain] INFO  o.s.s.c.ThreadPoolTaskExecutor[181] - Initializing ExecutorService 'applicationTaskExecutor'
2021:02:28 21:54:03.856 [restartedMain] INFO  o.s.b.d.a.OptionalLiveReloadServer[58] - LiveReload server is running on port 35729
2021:02:28 21:54:03.960 [restartedMain] INFO  o.a.coyote.http11.Http11NioProtocol[173] - Starting ProtocolHandler ["http-nio-8080"]
2021:02:28 21:54:03.975 [restartedMain] INFO  o.s.b.w.e.tomcat.TomcatWebServer[220] - Tomcat started on port(s): 8080 (http) with context path ''
2021:02:28 21:54:03.976 [restartedMain] INFO  s.d.s.w.p.DocumentationPluginsBootstrapper[160] - Context refreshed
2021:02:28 21:54:03.984 [restartedMain] INFO  s.d.s.w.p.DocumentationPluginsBootstrapper[163] - Found 1 custom documentation plugin(s)
2021:02:28 21:54:04.012 [restartedMain] INFO  s.d.s.w.s.ApiListingReferenceScanner[41] - Scanning for api listing references
2021:02:28 21:54:04.169 [restartedMain] INFO  com.caddie.voice.y1.Y1Application[61] - Started Y1Application in 2.255 seconds (JVM running for 2.742)
2021:02:28 21:54:11.454 [http-nio-8080-exec-1] INFO  o.a.c.c.C.[Tomcat].[localhost].[/][173] - Initializing Spring DispatcherServlet 'dispatcherServlet'
2021:02:28 21:54:11.454 [http-nio-8080-exec-1] INFO  o.s.web.servlet.DispatcherServlet[525] - Initializing Servlet 'dispatcherServlet'
2021:02:28 21:54:11.455 [http-nio-8080-exec-1] INFO  o.s.web.servlet.DispatcherServlet[547] - Completed initialization in 0 ms
2021:02:28 21:54:11.485 [http-nio-8080-exec-1] INFO  com.zaxxer.hikari.HikariDataSource[110] - HikariPool-1 - Starting...
2021:02:28 21:54:11.685 [http-nio-8080-exec-1] INFO  com.zaxxer.hikari.HikariDataSource[123] - HikariPool-1 - Start completed.
2021:02:28 21:54:29.634 [restartedMain] INFO  com.caddie.voice.y1.Y1Application[55] - Starting Y1Application using Java 15.0.2 on DESKTOP-BDN2EKJ with PID 2412 (C:\workspace-temp\project\build\classes\java\main started by hyunj in C:\workspace-temp\project)
2021:02:28 21:54:29.634 [restartedMain] INFO  com.caddie.voice.y1.Y1Application[664] - The following profiles are active: dev
2021:02:28 21:54:29.670 [restartedMain] INFO  o.s.b.d.e.DevToolsPropertyDefaultsPostProcessor[255] - Devtools property defaults active! Set 'spring.devtools.add-properties' to 'false' to disable
2021:02:28 21:54:29.670 [restartedMain] INFO  o.s.b.d.e.DevToolsPropertyDefaultsPostProcessor[255] - For additional web related logging consider setting the 'logging.level.web' property to 'DEBUG'
2021:02:28 21:54:30.655 [restartedMain] INFO  o.s.b.w.e.tomcat.TomcatWebServer[108] - Tomcat initialized with port(s): 8080 (http)
2021:02:28 21:54:30.661 [restartedMain] INFO  o.a.coyote.http11.Http11NioProtocol[173] - Initializing ProtocolHandler ["http-nio-8080"]
2021:02:28 21:54:30.661 [restartedMain] INFO  o.a.catalina.core.StandardService[173] - Starting service [Tomcat]
2021:02:28 21:54:30.662 [restartedMain] INFO  o.a.catalina.core.StandardEngine[173] - Starting Servlet engine: [Apache Tomcat/9.0.41]
2021:02:28 21:54:30.718 [restartedMain] INFO  o.a.c.c.C.[Tomcat].[localhost].[/][173] - Initializing Spring embedded WebApplicationContext
2021:02:28 21:54:30.719 [restartedMain] INFO  o.s.b.w.s.c.ServletWebServerApplicationContext[289] - Root WebApplicationContext: initialization completed in 1048 ms
2021:02:28 21:54:31.147 [restartedMain] INFO  s.d.s.w.PropertySourcedRequestMappingHandlerMapping[69] - Mapped URL path [/v2/api-docs] onto method [springfox.documentation.swagger2.web.Swagger2Controller#getDocumentation(String, HttpServletRequest)]
2021:02:28 21:54:31.203 [restartedMain] INFO  o.s.s.c.ThreadPoolTaskExecutor[181] - Initializing ExecutorService 'applicationTaskExecutor'
2021:02:28 21:54:31.231 [restartedMain] INFO  o.s.b.d.a.OptionalLiveReloadServer[58] - LiveReload server is running on port 35729
2021:02:28 21:54:31.338 [restartedMain] INFO  o.a.coyote.http11.Http11NioProtocol[173] - Starting ProtocolHandler ["http-nio-8080"]
2021:02:28 21:54:31.352 [restartedMain] INFO  o.s.b.w.e.tomcat.TomcatWebServer[220] - Tomcat started on port(s): 8080 (http) with context path ''
2021:02:28 21:54:31.354 [restartedMain] INFO  s.d.s.w.p.DocumentationPluginsBootstrapper[160] - Context refreshed
2021:02:28 21:54:31.363 [restartedMain] INFO  s.d.s.w.p.DocumentationPluginsBootstrapper[163] - Found 1 custom documentation plugin(s)
2021:02:28 21:54:31.390 [restartedMain] INFO  s.d.s.w.s.ApiListingReferenceScanner[41] - Scanning for api listing references
2021:02:28 21:54:31.538 [restartedMain] INFO  com.caddie.voice.y1.Y1Application[61] - Started Y1Application in 2.289 seconds (JVM running for 2.803)
2021:02:28 21:54:34.652 [http-nio-8080-exec-1] INFO  o.a.c.c.C.[Tomcat].[localhost].[/][173] - Initializing Spring DispatcherServlet 'dispatcherServlet'
2021:02:28 21:54:34.652 [http-nio-8080-exec-1] INFO  o.s.web.servlet.DispatcherServlet[525] - Initializing Servlet 'dispatcherServlet'
2021:02:28 21:54:34.653 [http-nio-8080-exec-1] INFO  o.s.web.servlet.DispatcherServlet[547] - Completed initialization in 1 ms
2021:02:28 21:54:34.683 [http-nio-8080-exec-1] INFO  com.zaxxer.hikari.HikariDataSource[110] - HikariPool-1 - Starting...
2021:02:28 21:54:34.890 [http-nio-8080-exec-1] INFO  com.zaxxer.hikari.HikariDataSource[123] - HikariPool-1 - Start completed.
2021:02:28 22:27:25.633 [restartedMain] INFO  com.caddie.voice.y1.Y1Application[55] - Starting Y1Application using Java 15.0.2 on DESKTOP-BDN2EKJ with PID 6076 (C:\workspace-temp\project\build\classes\java\main started by hyunj in C:\workspace-temp\project)
2021:02:28 22:27:25.634 [restartedMain] INFO  com.caddie.voice.y1.Y1Application[664] - The following profiles are active: dev
2021:02:28 22:27:25.673 [restartedMain] INFO  o.s.b.d.e.DevToolsPropertyDefaultsPostProcessor[255] - Devtools property defaults active! Set 'spring.devtools.add-properties' to 'false' to disable
2021:02:28 22:27:25.673 [restartedMain] INFO  o.s.b.d.e.DevToolsPropertyDefaultsPostProcessor[255] - For additional web related logging consider setting the 'logging.level.web' property to 'DEBUG'
2021:02:28 22:27:26.682 [restartedMain] INFO  o.s.b.w.e.tomcat.TomcatWebServer[108] - Tomcat initialized with port(s): 8080 (http)
2021:02:28 22:27:26.689 [restartedMain] INFO  o.a.coyote.http11.Http11NioProtocol[173] - Initializing ProtocolHandler ["http-nio-8080"]
2021:02:28 22:27:26.689 [restartedMain] INFO  o.a.catalina.core.StandardService[173] - Starting service [Tomcat]
2021:02:28 22:27:26.689 [restartedMain] INFO  o.a.catalina.core.StandardEngine[173] - Starting Servlet engine: [Apache Tomcat/9.0.41]
2021:02:28 22:27:26.751 [restartedMain] INFO  o.a.c.c.C.[Tomcat].[localhost].[/][173] - Initializing Spring embedded WebApplicationContext
2021:02:28 22:27:26.751 [restartedMain] INFO  o.s.b.w.s.c.ServletWebServerApplicationContext[289] - Root WebApplicationContext: initialization completed in 1077 ms
2021:02:28 22:27:27.174 [restartedMain] INFO  s.d.s.w.PropertySourcedRequestMappingHandlerMapping[69] - Mapped URL path [/v2/api-docs] onto method [springfox.documentation.swagger2.web.Swagger2Controller#getDocumentation(String, HttpServletRequest)]
2021:02:28 22:27:27.233 [restartedMain] INFO  o.s.s.c.ThreadPoolTaskExecutor[181] - Initializing ExecutorService 'applicationTaskExecutor'
2021:02:28 22:27:27.262 [restartedMain] INFO  o.s.b.d.a.OptionalLiveReloadServer[58] - LiveReload server is running on port 35729
2021:02:28 22:27:27.366 [restartedMain] INFO  o.a.coyote.http11.Http11NioProtocol[173] - Starting ProtocolHandler ["http-nio-8080"]
2021:02:28 22:27:27.381 [restartedMain] INFO  o.s.b.w.e.tomcat.TomcatWebServer[220] - Tomcat started on port(s): 8080 (http) with context path ''
2021:02:28 22:27:27.382 [restartedMain] INFO  s.d.s.w.p.DocumentationPluginsBootstrapper[160] - Context refreshed
2021:02:28 22:27:27.391 [restartedMain] INFO  s.d.s.w.p.DocumentationPluginsBootstrapper[163] - Found 1 custom documentation plugin(s)
2021:02:28 22:27:27.418 [restartedMain] INFO  s.d.s.w.s.ApiListingReferenceScanner[41] - Scanning for api listing references
2021:02:28 22:27:27.565 [restartedMain] INFO  com.caddie.voice.y1.Y1Application[61] - Started Y1Application in 2.614 seconds (JVM running for 3.143)
2021:02:28 22:27:31.560 [http-nio-8080-exec-1] INFO  o.a.c.c.C.[Tomcat].[localhost].[/][173] - Initializing Spring DispatcherServlet 'dispatcherServlet'
2021:02:28 22:27:31.561 [http-nio-8080-exec-1] INFO  o.s.web.servlet.DispatcherServlet[525] - Initializing Servlet 'dispatcherServlet'
2021:02:28 22:27:31.562 [http-nio-8080-exec-1] INFO  o.s.web.servlet.DispatcherServlet[547] - Completed initialization in 1 ms
2021:02:28 22:27:31.591 [http-nio-8080-exec-1] INFO  com.zaxxer.hikari.HikariDataSource[110] - HikariPool-1 - Starting...
2021:02:28 22:27:31.784 [http-nio-8080-exec-1] INFO  com.zaxxer.hikari.HikariDataSource[123] - HikariPool-1 - Start completed.
2021:02:28 22:28:09.752 [restartedMain] INFO  com.caddie.voice.y1.Y1Application[55] - Starting Y1Application using Java 15.0.2 on DESKTOP-BDN2EKJ with PID 8108 (C:\workspace-temp\project\build\classes\java\main started by hyunj in C:\workspace-temp\project)
2021:02:28 22:28:09.753 [restartedMain] INFO  com.caddie.voice.y1.Y1Application[664] - The following profiles are active: dev
2021:02:28 22:28:09.782 [restartedMain] INFO  o.s.b.d.e.DevToolsPropertyDefaultsPostProcessor[255] - Devtools property defaults active! Set 'spring.devtools.add-properties' to 'false' to disable
2021:02:28 22:28:09.783 [restartedMain] INFO  o.s.b.d.e.DevToolsPropertyDefaultsPostProcessor[255] - For additional web related logging consider setting the 'logging.level.web' property to 'DEBUG'
2021:02:28 22:28:10.750 [restartedMain] INFO  o.s.b.w.e.tomcat.TomcatWebServer[108] - Tomcat initialized with port(s): 8080 (http)
2021:02:28 22:28:10.755 [restartedMain] INFO  o.a.coyote.http11.Http11NioProtocol[173] - Initializing ProtocolHandler ["http-nio-8080"]
2021:02:28 22:28:10.756 [restartedMain] INFO  o.a.catalina.core.StandardService[173] - Starting service [Tomcat]
2021:02:28 22:28:10.756 [restartedMain] INFO  o.a.catalina.core.StandardEngine[173] - Starting Servlet engine: [Apache Tomcat/9.0.41]
2021:02:28 22:28:10.813 [restartedMain] INFO  o.a.c.c.C.[Tomcat].[localhost].[/][173] - Initializing Spring embedded WebApplicationContext
2021:02:28 22:28:10.813 [restartedMain] INFO  o.s.b.w.s.c.ServletWebServerApplicationContext[289] - Root WebApplicationContext: initialization completed in 1030 ms
2021:02:28 22:28:11.233 [restartedMain] INFO  s.d.s.w.PropertySourcedRequestMappingHandlerMapping[69] - Mapped URL path [/v2/api-docs] onto method [springfox.documentation.swagger2.web.Swagger2Controller#getDocumentation(String, HttpServletRequest)]
2021:02:28 22:28:11.288 [restartedMain] INFO  o.s.s.c.ThreadPoolTaskExecutor[181] - Initializing ExecutorService 'applicationTaskExecutor'
2021:02:28 22:28:11.316 [restartedMain] INFO  o.s.b.d.a.OptionalLiveReloadServer[58] - LiveReload server is running on port 35729
2021:02:28 22:28:11.418 [restartedMain] INFO  o.a.coyote.http11.Http11NioProtocol[173] - Starting ProtocolHandler ["http-nio-8080"]
2021:02:28 22:28:11.434 [restartedMain] INFO  o.s.b.w.e.tomcat.TomcatWebServer[220] - Tomcat started on port(s): 8080 (http) with context path ''
2021:02:28 22:28:11.435 [restartedMain] INFO  s.d.s.w.p.DocumentationPluginsBootstrapper[160] - Context refreshed
2021:02:28 22:28:11.444 [restartedMain] INFO  s.d.s.w.p.DocumentationPluginsBootstrapper[163] - Found 1 custom documentation plugin(s)
2021:02:28 22:28:11.471 [restartedMain] INFO  s.d.s.w.s.ApiListingReferenceScanner[41] - Scanning for api listing references
2021:02:28 22:28:11.629 [restartedMain] INFO  com.caddie.voice.y1.Y1Application[61] - Started Y1Application in 2.26 seconds (JVM running for 3.064)
2021:02:28 22:28:19.953 [http-nio-8080-exec-1] INFO  o.a.c.c.C.[Tomcat].[localhost].[/][173] - Initializing Spring DispatcherServlet 'dispatcherServlet'
2021:02:28 22:28:19.954 [http-nio-8080-exec-1] INFO  o.s.web.servlet.DispatcherServlet[525] - Initializing Servlet 'dispatcherServlet'
2021:02:28 22:28:19.955 [http-nio-8080-exec-1] INFO  o.s.web.servlet.DispatcherServlet[547] - Completed initialization in 1 ms
2021:02:28 22:28:19.985 [http-nio-8080-exec-1] INFO  com.zaxxer.hikari.HikariDataSource[110] - HikariPool-1 - Starting...
2021:02:28 22:28:20.182 [http-nio-8080-exec-1] INFO  com.zaxxer.hikari.HikariDataSource[123] - HikariPool-1 - Start completed.
2021:02:28 22:28:35.312 [restartedMain] INFO  com.caddie.voice.y1.Y1Application[55] - Starting Y1Application using Java 15.0.2 on DESKTOP-BDN2EKJ with PID 9760 (C:\workspace-temp\project\build\classes\java\main started by hyunj in C:\workspace-temp\project)
2021:02:28 22:28:35.313 [restartedMain] INFO  com.caddie.voice.y1.Y1Application[664] - The following profiles are active: dev
2021:02:28 22:28:35.345 [restartedMain] INFO  o.s.b.d.e.DevToolsPropertyDefaultsPostProcessor[255] - Devtools property defaults active! Set 'spring.devtools.add-properties' to 'false' to disable
2021:02:28 22:28:35.345 [restartedMain] INFO  o.s.b.d.e.DevToolsPropertyDefaultsPostProcessor[255] - For additional web related logging consider setting the 'logging.level.web' property to 'DEBUG'
2021:02:28 22:28:36.350 [restartedMain] INFO  o.s.b.w.e.tomcat.TomcatWebServer[108] - Tomcat initialized with port(s): 8080 (http)
2021:02:28 22:28:36.356 [restartedMain] INFO  o.a.coyote.http11.Http11NioProtocol[173] - Initializing ProtocolHandler ["http-nio-8080"]
2021:02:28 22:28:36.357 [restartedMain] INFO  o.a.catalina.core.StandardService[173] - Starting service [Tomcat]
2021:02:28 22:28:36.357 [restartedMain] INFO  o.a.catalina.core.StandardEngine[173] - Starting Servlet engine: [Apache Tomcat/9.0.41]
2021:02:28 22:28:36.417 [restartedMain] INFO  o.a.c.c.C.[Tomcat].[localhost].[/][173] - Initializing Spring embedded WebApplicationContext
2021:02:28 22:28:36.417 [restartedMain] INFO  o.s.b.w.s.c.ServletWebServerApplicationContext[289] - Root WebApplicationContext: initialization completed in 1071 ms
2021:02:28 22:28:36.866 [restartedMain] INFO  s.d.s.w.PropertySourcedRequestMappingHandlerMapping[69] - Mapped URL path [/v2/api-docs] onto method [springfox.documentation.swagger2.web.Swagger2Controller#getDocumentation(String, HttpServletRequest)]
2021:02:28 22:28:36.926 [restartedMain] INFO  o.s.s.c.ThreadPoolTaskExecutor[181] - Initializing ExecutorService 'applicationTaskExecutor'
2021:02:28 22:28:36.954 [restartedMain] INFO  o.s.b.d.a.OptionalLiveReloadServer[58] - LiveReload server is running on port 35729
2021:02:28 22:28:37.060 [restartedMain] INFO  o.a.coyote.http11.Http11NioProtocol[173] - Starting ProtocolHandler ["http-nio-8080"]
2021:02:28 22:28:37.075 [restartedMain] INFO  o.s.b.w.e.tomcat.TomcatWebServer[220] - Tomcat started on port(s): 8080 (http) with context path ''
2021:02:28 22:28:37.076 [restartedMain] INFO  s.d.s.w.p.DocumentationPluginsBootstrapper[160] - Context refreshed
2021:02:28 22:28:37.085 [restartedMain] INFO  s.d.s.w.p.DocumentationPluginsBootstrapper[163] - Found 1 custom documentation plugin(s)
2021:02:28 22:28:37.111 [restartedMain] INFO  s.d.s.w.s.ApiListingReferenceScanner[41] - Scanning for api listing references
2021:02:28 22:28:37.275 [restartedMain] INFO  com.caddie.voice.y1.Y1Application[61] - Started Y1Application in 2.362 seconds (JVM running for 2.847)
2021:02:28 22:28:41.453 [http-nio-8080-exec-1] INFO  o.a.c.c.C.[Tomcat].[localhost].[/][173] - Initializing Spring DispatcherServlet 'dispatcherServlet'
2021:02:28 22:28:41.453 [http-nio-8080-exec-1] INFO  o.s.web.servlet.DispatcherServlet[525] - Initializing Servlet 'dispatcherServlet'
2021:02:28 22:28:41.454 [http-nio-8080-exec-1] INFO  o.s.web.servlet.DispatcherServlet[547] - Completed initialization in 0 ms
2021:02:28 22:28:41.485 [http-nio-8080-exec-1] INFO  com.zaxxer.hikari.HikariDataSource[110] - HikariPool-1 - Starting...
2021:02:28 22:28:41.682 [http-nio-8080-exec-1] INFO  com.zaxxer.hikari.HikariDataSource[123] - HikariPool-1 - Start completed.
2021:02:28 22:29:36.520 [restartedMain] INFO  com.caddie.voice.y1.Y1Application[55] - Starting Y1Application using Java 15.0.2 on DESKTOP-BDN2EKJ with PID 7868 (C:\workspace-temp\project\build\classes\java\main started by hyunj in C:\workspace-temp\project)
2021:02:28 22:29:36.522 [restartedMain] INFO  com.caddie.voice.y1.Y1Application[664] - The following profiles are active: dev
2021:02:28 22:29:36.554 [restartedMain] INFO  o.s.b.d.e.DevToolsPropertyDefaultsPostProcessor[255] - Devtools property defaults active! Set 'spring.devtools.add-properties' to 'false' to disable
2021:02:28 22:29:36.555 [restartedMain] INFO  o.s.b.d.e.DevToolsPropertyDefaultsPostProcessor[255] - For additional web related logging consider setting the 'logging.level.web' property to 'DEBUG'
2021:02:28 22:29:37.524 [restartedMain] INFO  o.s.b.w.e.tomcat.TomcatWebServer[108] - Tomcat initialized with port(s): 8080 (http)
2021:02:28 22:29:37.531 [restartedMain] INFO  o.a.coyote.http11.Http11NioProtocol[173] - Initializing ProtocolHandler ["http-nio-8080"]
2021:02:28 22:29:37.532 [restartedMain] INFO  o.a.catalina.core.StandardService[173] - Starting service [Tomcat]
2021:02:28 22:29:37.532 [restartedMain] INFO  o.a.catalina.core.StandardEngine[173] - Starting Servlet engine: [Apache Tomcat/9.0.41]
2021:02:28 22:29:37.587 [restartedMain] INFO  o.a.c.c.C.[Tomcat].[localhost].[/][173] - Initializing Spring embedded WebApplicationContext
2021:02:28 22:29:37.588 [restartedMain] INFO  o.s.b.w.s.c.ServletWebServerApplicationContext[289] - Root WebApplicationContext: initialization completed in 1033 ms
2021:02:28 22:29:38.001 [restartedMain] INFO  s.d.s.w.PropertySourcedRequestMappingHandlerMapping[69] - Mapped URL path [/v2/api-docs] onto method [springfox.documentation.swagger2.web.Swagger2Controller#getDocumentation(String, HttpServletRequest)]
2021:02:28 22:29:38.056 [restartedMain] INFO  o.s.s.c.ThreadPoolTaskExecutor[181] - Initializing ExecutorService 'applicationTaskExecutor'
2021:02:28 22:29:38.082 [restartedMain] INFO  o.s.b.d.a.OptionalLiveReloadServer[58] - LiveReload server is running on port 35729
2021:02:28 22:29:38.186 [restartedMain] INFO  o.a.coyote.http11.Http11NioProtocol[173] - Starting ProtocolHandler ["http-nio-8080"]
2021:02:28 22:29:38.201 [restartedMain] INFO  o.s.b.w.e.tomcat.TomcatWebServer[220] - Tomcat started on port(s): 8080 (http) with context path ''
2021:02:28 22:29:38.201 [restartedMain] INFO  s.d.s.w.p.DocumentationPluginsBootstrapper[160] - Context refreshed
2021:02:28 22:29:38.209 [restartedMain] INFO  s.d.s.w.p.DocumentationPluginsBootstrapper[163] - Found 1 custom documentation plugin(s)
2021:02:28 22:29:38.237 [restartedMain] INFO  s.d.s.w.s.ApiListingReferenceScanner[41] - Scanning for api listing references
2021:02:28 22:29:38.394 [restartedMain] INFO  com.caddie.voice.y1.Y1Application[61] - Started Y1Application in 2.286 seconds (JVM running for 3.141)
2021:02:28 22:29:41.939 [http-nio-8080-exec-1] INFO  o.a.c.c.C.[Tomcat].[localhost].[/][173] - Initializing Spring DispatcherServlet 'dispatcherServlet'
2021:02:28 22:29:41.939 [http-nio-8080-exec-1] INFO  o.s.web.servlet.DispatcherServlet[525] - Initializing Servlet 'dispatcherServlet'
2021:02:28 22:29:41.941 [http-nio-8080-exec-1] INFO  o.s.web.servlet.DispatcherServlet[547] - Completed initialization in 1 ms
2021:02:28 22:29:41.971 [http-nio-8080-exec-1] INFO  com.zaxxer.hikari.HikariDataSource[110] - HikariPool-1 - Starting...
2021:02:28 22:29:42.166 [http-nio-8080-exec-1] INFO  com.zaxxer.hikari.HikariDataSource[123] - HikariPool-1 - Start completed.
