2021:02:26 09:39:46.601 [SpringContextShutdownHook] INFO  o.s.s.c.ThreadPoolTaskExecutor[218] - Shutting down ExecutorService 'applicationTaskExecutor'
2021:02:26 09:40:04.364 [restartedMain] INFO  com.caddie.voice.y1.Y1Application[55] - Starting Y1Application using Java 15.0.2 on DESKTOP-BDN2EKJ with PID 9412 (C:\workspace-temp\project\build\classes\java\main started by hyunj in C:\workspace-temp\project)
2021:02:26 09:40:04.364 [restartedMain] INFO  com.caddie.voice.y1.Y1Application[664] - The following profiles are active: dev
2021:02:26 09:40:04.401 [restartedMain] INFO  o.s.b.d.e.DevToolsPropertyDefaultsPostProcessor[255] - Devtools property defaults active! Set 'spring.devtools.add-properties' to 'false' to disable
2021:02:26 09:40:04.401 [restartedMain] INFO  o.s.b.d.e.DevToolsPropertyDefaultsPostProcessor[255] - For additional web related logging consider setting the 'logging.level.web' property to 'DEBUG'
2021:02:26 09:40:05.536 [restartedMain] INFO  o.s.b.w.e.tomcat.TomcatWebServer[108] - Tomcat initialized with port(s): 8080 (http)
2021:02:26 09:40:05.552 [restartedMain] INFO  o.a.coyote.http11.Http11NioProtocol[173] - Initializing ProtocolHandler ["http-nio-8080"]
2021:02:26 09:40:05.552 [restartedMain] INFO  o.a.catalina.core.StandardService[173] - Starting service [Tomcat]
2021:02:26 09:40:05.552 [restartedMain] INFO  o.a.catalina.core.StandardEngine[173] - Starting Servlet engine: [Apache Tomcat/9.0.41]
2021:02:26 09:40:05.614 [restartedMain] INFO  o.a.c.c.C.[Tomcat].[localhost].[/][173] - Initializing Spring embedded WebApplicationContext
2021:02:26 09:40:05.614 [restartedMain] INFO  o.s.b.w.s.c.ServletWebServerApplicationContext[289] - Root WebApplicationContext: initialization completed in 1213 ms
2021:02:26 09:40:06.067 [restartedMain] INFO  s.d.s.w.PropertySourcedRequestMappingHandlerMapping[69] - Mapped URL path [/v2/api-docs] onto method [springfox.documentation.swagger2.web.Swagger2Controller#getDocumentation(String, HttpServletRequest)]
2021:02:26 09:40:06.129 [restartedMain] INFO  o.s.s.c.ThreadPoolTaskExecutor[181] - Initializing ExecutorService 'applicationTaskExecutor'
2021:02:26 09:40:06.161 [restartedMain] INFO  o.s.b.d.a.OptionalLiveReloadServer[58] - LiveReload server is running on port 35729
2021:02:26 09:40:06.270 [restartedMain] INFO  o.a.coyote.http11.Http11NioProtocol[173] - Starting ProtocolHandler ["http-nio-8080"]
2021:02:26 09:40:06.286 [restartedMain] INFO  o.s.b.w.e.tomcat.TomcatWebServer[220] - Tomcat started on port(s): 8080 (http) with context path ''
2021:02:26 09:40:06.286 [restartedMain] INFO  s.d.s.w.p.DocumentationPluginsBootstrapper[160] - Context refreshed
2021:02:26 09:40:06.286 [restartedMain] INFO  s.d.s.w.p.DocumentationPluginsBootstrapper[163] - Found 1 custom documentation plugin(s)
2021:02:26 09:40:06.323 [restartedMain] INFO  s.d.s.w.s.ApiListingReferenceScanner[41] - Scanning for api listing references
2021:02:26 09:40:06.463 [restartedMain] INFO  com.caddie.voice.y1.Y1Application[61] - Started Y1Application in 2.442 seconds (JVM running for 2.998)
2021:02:26 09:40:28.311 [http-nio-8080-exec-1] INFO  o.a.c.c.C.[Tomcat].[localhost].[/][173] - Initializing Spring DispatcherServlet 'dispatcherServlet'
2021:02:26 09:40:28.311 [http-nio-8080-exec-1] INFO  o.s.web.servlet.DispatcherServlet[525] - Initializing Servlet 'dispatcherServlet'
2021:02:26 09:40:28.312 [http-nio-8080-exec-1] INFO  o.s.web.servlet.DispatcherServlet[547] - Completed initialization in 1 ms
2021:02:26 09:40:40.398 [http-nio-8080-exec-10] INFO  com.zaxxer.hikari.HikariDataSource[110] - HikariPool-1 - Starting...
2021:02:26 09:40:40.577 [http-nio-8080-exec-10] INFO  com.zaxxer.hikari.HikariDataSource[123] - HikariPool-1 - Start completed.
2021:02:26 11:16:19.179 [restartedMain] INFO  com.caddie.voice.y1.Y1Application[55] - Starting Y1Application using Java 15.0.2 on DESKTOP-BDN2EKJ with PID 5916 (C:\workspace-temp\project\build\classes\java\main started by hyunj in C:\workspace-temp\project)
2021:02:26 11:16:19.179 [restartedMain] INFO  com.caddie.voice.y1.Y1Application[664] - The following profiles are active: dev
2021:02:26 11:16:19.204 [restartedMain] INFO  o.s.b.d.e.DevToolsPropertyDefaultsPostProcessor[255] - Devtools property defaults active! Set 'spring.devtools.add-properties' to 'false' to disable
2021:02:26 11:16:19.204 [restartedMain] INFO  o.s.b.d.e.DevToolsPropertyDefaultsPostProcessor[255] - For additional web related logging consider setting the 'logging.level.web' property to 'DEBUG'
2021:02:26 11:16:20.160 [restartedMain] INFO  o.s.b.w.e.tomcat.TomcatWebServer[108] - Tomcat initialized with port(s): 8080 (http)
2021:02:26 11:16:20.160 [restartedMain] INFO  o.a.coyote.http11.Http11NioProtocol[173] - Initializing ProtocolHandler ["http-nio-8080"]
2021:02:26 11:16:20.160 [restartedMain] INFO  o.a.catalina.core.StandardService[173] - Starting service [Tomcat]
2021:02:26 11:16:20.160 [restartedMain] INFO  o.a.catalina.core.StandardEngine[173] - Starting Servlet engine: [Apache Tomcat/9.0.41]
2021:02:26 11:16:20.222 [restartedMain] INFO  o.a.c.c.C.[Tomcat].[localhost].[/][173] - Initializing Spring embedded WebApplicationContext
2021:02:26 11:16:20.222 [restartedMain] INFO  o.s.b.w.s.c.ServletWebServerApplicationContext[289] - Root WebApplicationContext: initialization completed in 1018 ms
2021:02:26 11:16:20.656 [restartedMain] INFO  s.d.s.w.PropertySourcedRequestMappingHandlerMapping[69] - Mapped URL path [/v2/api-docs] onto method [springfox.documentation.swagger2.web.Swagger2Controller#getDocumentation(String, HttpServletRequest)]
2021:02:26 11:16:20.719 [restartedMain] INFO  o.s.s.c.ThreadPoolTaskExecutor[181] - Initializing ExecutorService 'applicationTaskExecutor'
2021:02:26 11:16:20.750 [restartedMain] INFO  o.s.b.d.a.OptionalLiveReloadServer[58] - LiveReload server is running on port 35729
2021:02:26 11:16:20.861 [restartedMain] INFO  o.a.coyote.http11.Http11NioProtocol[173] - Starting ProtocolHandler ["http-nio-8080"]
2021:02:26 11:16:20.880 [restartedMain] INFO  o.s.b.w.e.tomcat.TomcatWebServer[220] - Tomcat started on port(s): 8080 (http) with context path ''
2021:02:26 11:16:20.882 [restartedMain] INFO  s.d.s.w.p.DocumentationPluginsBootstrapper[160] - Context refreshed
2021:02:26 11:16:20.891 [restartedMain] INFO  s.d.s.w.p.DocumentationPluginsBootstrapper[163] - Found 1 custom documentation plugin(s)
2021:02:26 11:16:20.918 [restartedMain] INFO  s.d.s.w.s.ApiListingReferenceScanner[41] - Scanning for api listing references
2021:02:26 11:16:21.064 [restartedMain] INFO  com.caddie.voice.y1.Y1Application[61] - Started Y1Application in 2.236 seconds (JVM running for 2.77)
2021:02:26 11:16:29.621 [http-nio-8080-exec-1] INFO  o.a.c.c.C.[Tomcat].[localhost].[/][173] - Initializing Spring DispatcherServlet 'dispatcherServlet'
2021:02:26 11:16:29.621 [http-nio-8080-exec-1] INFO  o.s.web.servlet.DispatcherServlet[525] - Initializing Servlet 'dispatcherServlet'
2021:02:26 11:16:29.622 [http-nio-8080-exec-1] INFO  o.s.web.servlet.DispatcherServlet[547] - Completed initialization in 1 ms
2021:02:26 11:16:29.649 [http-nio-8080-exec-1] INFO  com.zaxxer.hikari.HikariDataSource[110] - HikariPool-1 - Starting...
2021:02:26 11:16:29.844 [http-nio-8080-exec-1] INFO  com.zaxxer.hikari.HikariDataSource[123] - HikariPool-1 - Start completed.
2021:02:26 12:27:54.707 [restartedMain] INFO  com.caddie.voice.y1.Y1Application[55] - Starting Y1Application using Java 15.0.2 on DESKTOP-BDN2EKJ with PID 7044 (C:\workspace-temp\project\build\classes\java\main started by hyunj in C:\workspace-temp\project)
2021:02:26 12:27:54.708 [restartedMain] INFO  com.caddie.voice.y1.Y1Application[664] - The following profiles are active: dev
2021:02:26 12:27:54.755 [restartedMain] INFO  o.s.b.d.e.DevToolsPropertyDefaultsPostProcessor[255] - Devtools property defaults active! Set 'spring.devtools.add-properties' to 'false' to disable
2021:02:26 12:27:54.756 [restartedMain] INFO  o.s.b.d.e.DevToolsPropertyDefaultsPostProcessor[255] - For additional web related logging consider setting the 'logging.level.web' property to 'DEBUG'
2021:02:26 12:27:55.783 [restartedMain] INFO  o.s.b.w.e.tomcat.TomcatWebServer[108] - Tomcat initialized with port(s): 8080 (http)
2021:02:26 12:27:55.795 [restartedMain] INFO  o.a.coyote.http11.Http11NioProtocol[173] - Initializing ProtocolHandler ["http-nio-8080"]
2021:02:26 12:27:55.796 [restartedMain] INFO  o.a.catalina.core.StandardService[173] - Starting service [Tomcat]
2021:02:26 12:27:55.796 [restartedMain] INFO  o.a.catalina.core.StandardEngine[173] - Starting Servlet engine: [Apache Tomcat/9.0.41]
2021:02:26 12:27:55.851 [restartedMain] INFO  o.a.c.c.C.[Tomcat].[localhost].[/][173] - Initializing Spring embedded WebApplicationContext
2021:02:26 12:27:55.852 [restartedMain] INFO  o.s.b.w.s.c.ServletWebServerApplicationContext[289] - Root WebApplicationContext: initialization completed in 1095 ms
2021:02:26 12:27:56.237 [restartedMain] INFO  s.d.s.w.PropertySourcedRequestMappingHandlerMapping[69] - Mapped URL path [/v2/api-docs] onto method [springfox.documentation.swagger2.web.Swagger2Controller#getDocumentation(String, HttpServletRequest)]
2021:02:26 12:27:56.288 [restartedMain] INFO  o.s.s.c.ThreadPoolTaskExecutor[181] - Initializing ExecutorService 'applicationTaskExecutor'
2021:02:26 12:27:56.314 [restartedMain] INFO  o.s.b.d.a.OptionalLiveReloadServer[58] - LiveReload server is running on port 35729
2021:02:26 12:27:56.410 [restartedMain] INFO  o.a.coyote.http11.Http11NioProtocol[173] - Starting ProtocolHandler ["http-nio-8080"]
2021:02:26 12:27:56.425 [restartedMain] INFO  o.s.b.w.e.tomcat.TomcatWebServer[220] - Tomcat started on port(s): 8080 (http) with context path ''
2021:02:26 12:27:56.425 [restartedMain] INFO  s.d.s.w.p.DocumentationPluginsBootstrapper[160] - Context refreshed
2021:02:26 12:27:56.433 [restartedMain] INFO  s.d.s.w.p.DocumentationPluginsBootstrapper[163] - Found 1 custom documentation plugin(s)
2021:02:26 12:27:56.462 [restartedMain] INFO  s.d.s.w.s.ApiListingReferenceScanner[41] - Scanning for api listing references
2021:02:26 12:27:56.589 [restartedMain] INFO  com.caddie.voice.y1.Y1Application[61] - Started Y1Application in 2.991 seconds (JVM running for 3.568)
2021:02:26 12:28:36.134 [http-nio-8080-exec-1] INFO  o.a.c.c.C.[Tomcat].[localhost].[/][173] - Initializing Spring DispatcherServlet 'dispatcherServlet'
2021:02:26 12:28:36.135 [http-nio-8080-exec-1] INFO  o.s.web.servlet.DispatcherServlet[525] - Initializing Servlet 'dispatcherServlet'
2021:02:26 12:28:36.136 [http-nio-8080-exec-1] INFO  o.s.web.servlet.DispatcherServlet[547] - Completed initialization in 1 ms
2021:02:26 12:30:05.839 [restartedMain] INFO  com.caddie.voice.y1.Y1Application[55] - Starting Y1Application using Java 15.0.2 on DESKTOP-BDN2EKJ with PID 2580 (C:\workspace-temp\project\build\classes\java\main started by hyunj in C:\workspace-temp\project)
2021:02:26 12:30:05.840 [restartedMain] INFO  com.caddie.voice.y1.Y1Application[664] - The following profiles are active: dev
2021:02:26 12:30:05.870 [restartedMain] INFO  o.s.b.d.e.DevToolsPropertyDefaultsPostProcessor[255] - Devtools property defaults active! Set 'spring.devtools.add-properties' to 'false' to disable
2021:02:26 12:30:05.871 [restartedMain] INFO  o.s.b.d.e.DevToolsPropertyDefaultsPostProcessor[255] - For additional web related logging consider setting the 'logging.level.web' property to 'DEBUG'
2021:02:26 12:30:06.815 [restartedMain] INFO  o.s.b.w.e.tomcat.TomcatWebServer[108] - Tomcat initialized with port(s): 8080 (http)
2021:02:26 12:30:06.822 [restartedMain] INFO  o.a.coyote.http11.Http11NioProtocol[173] - Initializing ProtocolHandler ["http-nio-8080"]
2021:02:26 12:30:06.822 [restartedMain] INFO  o.a.catalina.core.StandardService[173] - Starting service [Tomcat]
2021:02:26 12:30:06.822 [restartedMain] INFO  o.a.catalina.core.StandardEngine[173] - Starting Servlet engine: [Apache Tomcat/9.0.41]
2021:02:26 12:30:06.878 [restartedMain] INFO  o.a.c.c.C.[Tomcat].[localhost].[/][173] - Initializing Spring embedded WebApplicationContext
2021:02:26 12:30:06.878 [restartedMain] INFO  o.s.b.w.s.c.ServletWebServerApplicationContext[289] - Root WebApplicationContext: initialization completed in 1007 ms
2021:02:26 12:30:07.313 [restartedMain] INFO  s.d.s.w.PropertySourcedRequestMappingHandlerMapping[69] - Mapped URL path [/v2/api-docs] onto method [springfox.documentation.swagger2.web.Swagger2Controller#getDocumentation(String, HttpServletRequest)]
2021:02:26 12:30:07.371 [restartedMain] INFO  o.s.s.c.ThreadPoolTaskExecutor[181] - Initializing ExecutorService 'applicationTaskExecutor'
2021:02:26 12:30:07.399 [restartedMain] INFO  o.s.b.d.a.OptionalLiveReloadServer[58] - LiveReload server is running on port 35729
2021:02:26 12:30:07.509 [restartedMain] INFO  o.a.coyote.http11.Http11NioProtocol[173] - Starting ProtocolHandler ["http-nio-8080"]
2021:02:26 12:30:07.524 [restartedMain] INFO  o.s.b.w.e.tomcat.TomcatWebServer[220] - Tomcat started on port(s): 8080 (http) with context path ''
2021:02:26 12:30:07.525 [restartedMain] INFO  s.d.s.w.p.DocumentationPluginsBootstrapper[160] - Context refreshed
2021:02:26 12:30:07.535 [restartedMain] INFO  s.d.s.w.p.DocumentationPluginsBootstrapper[163] - Found 1 custom documentation plugin(s)
2021:02:26 12:30:07.561 [restartedMain] INFO  s.d.s.w.s.ApiListingReferenceScanner[41] - Scanning for api listing references
2021:02:26 12:30:07.695 [restartedMain] INFO  com.caddie.voice.y1.Y1Application[61] - Started Y1Application in 2.191 seconds (JVM running for 2.657)
2021:02:26 12:30:25.382 [restartedMain] INFO  com.caddie.voice.y1.Y1Application[55] - Starting Y1Application using Java 15.0.2 on DESKTOP-BDN2EKJ with PID 7316 (C:\workspace-temp\project\build\classes\java\main started by hyunj in C:\workspace-temp\project)
2021:02:26 12:30:25.382 [restartedMain] INFO  com.caddie.voice.y1.Y1Application[664] - The following profiles are active: dev
2021:02:26 12:30:25.412 [restartedMain] INFO  o.s.b.d.e.DevToolsPropertyDefaultsPostProcessor[255] - Devtools property defaults active! Set 'spring.devtools.add-properties' to 'false' to disable
2021:02:26 12:30:25.412 [restartedMain] INFO  o.s.b.d.e.DevToolsPropertyDefaultsPostProcessor[255] - For additional web related logging consider setting the 'logging.level.web' property to 'DEBUG'
2021:02:26 12:30:26.336 [restartedMain] INFO  o.s.b.w.e.tomcat.TomcatWebServer[108] - Tomcat initialized with port(s): 8080 (http)
2021:02:26 12:30:26.352 [restartedMain] INFO  o.a.coyote.http11.Http11NioProtocol[173] - Initializing ProtocolHandler ["http-nio-8080"]
2021:02:26 12:30:26.352 [restartedMain] INFO  o.a.catalina.core.StandardService[173] - Starting service [Tomcat]
2021:02:26 12:30:26.352 [restartedMain] INFO  o.a.catalina.core.StandardEngine[173] - Starting Servlet engine: [Apache Tomcat/9.0.41]
2021:02:26 12:30:26.398 [restartedMain] INFO  o.a.c.c.C.[Tomcat].[localhost].[/][173] - Initializing Spring embedded WebApplicationContext
2021:02:26 12:30:26.398 [restartedMain] INFO  o.s.b.w.s.c.ServletWebServerApplicationContext[289] - Root WebApplicationContext: initialization completed in 985 ms
2021:02:26 12:30:26.795 [restartedMain] INFO  s.d.s.w.PropertySourcedRequestMappingHandlerMapping[69] - Mapped URL path [/v2/api-docs] onto method [springfox.documentation.swagger2.web.Swagger2Controller#getDocumentation(String, HttpServletRequest)]
2021:02:26 12:30:26.858 [restartedMain] INFO  o.s.s.c.ThreadPoolTaskExecutor[181] - Initializing ExecutorService 'applicationTaskExecutor'
2021:02:26 12:30:26.873 [restartedMain] INFO  o.s.b.d.a.OptionalLiveReloadServer[58] - LiveReload server is running on port 35729
2021:02:26 12:30:26.982 [restartedMain] INFO  o.a.coyote.http11.Http11NioProtocol[173] - Starting ProtocolHandler ["http-nio-8080"]
2021:02:26 12:30:26.982 [restartedMain] INFO  o.s.b.w.e.tomcat.TomcatWebServer[220] - Tomcat started on port(s): 8080 (http) with context path ''
2021:02:26 12:30:26.998 [restartedMain] INFO  s.d.s.w.p.DocumentationPluginsBootstrapper[160] - Context refreshed
2021:02:26 12:30:26.998 [restartedMain] INFO  s.d.s.w.p.DocumentationPluginsBootstrapper[163] - Found 1 custom documentation plugin(s)
2021:02:26 12:30:27.029 [restartedMain] INFO  s.d.s.w.s.ApiListingReferenceScanner[41] - Scanning for api listing references
2021:02:26 12:30:27.154 [restartedMain] INFO  com.caddie.voice.y1.Y1Application[61] - Started Y1Application in 2.116 seconds (JVM running for 2.595)
2021:02:26 12:31:35.930 [restartedMain] INFO  com.caddie.voice.y1.Y1Application[55] - Starting Y1Application using Java 15.0.2 on DESKTOP-BDN2EKJ with PID 8188 (C:\workspace-temp\project\build\classes\java\main started by hyunj in C:\workspace-temp\project)
2021:02:26 12:31:35.931 [restartedMain] INFO  com.caddie.voice.y1.Y1Application[664] - The following profiles are active: dev
2021:02:26 12:31:35.962 [restartedMain] INFO  o.s.b.d.e.DevToolsPropertyDefaultsPostProcessor[255] - Devtools property defaults active! Set 'spring.devtools.add-properties' to 'false' to disable
2021:02:26 12:31:35.962 [restartedMain] INFO  o.s.b.d.e.DevToolsPropertyDefaultsPostProcessor[255] - For additional web related logging consider setting the 'logging.level.web' property to 'DEBUG'
2021:02:26 12:31:36.916 [restartedMain] INFO  o.s.b.w.e.tomcat.TomcatWebServer[108] - Tomcat initialized with port(s): 8080 (http)
2021:02:26 12:31:36.922 [restartedMain] INFO  o.a.coyote.http11.Http11NioProtocol[173] - Initializing ProtocolHandler ["http-nio-8080"]
2021:02:26 12:31:36.922 [restartedMain] INFO  o.a.catalina.core.StandardService[173] - Starting service [Tomcat]
2021:02:26 12:31:36.923 [restartedMain] INFO  o.a.catalina.core.StandardEngine[173] - Starting Servlet engine: [Apache Tomcat/9.0.41]
2021:02:26 12:31:36.978 [restartedMain] INFO  o.a.c.c.C.[Tomcat].[localhost].[/][173] - Initializing Spring embedded WebApplicationContext
2021:02:26 12:31:36.979 [restartedMain] INFO  o.s.b.w.s.c.ServletWebServerApplicationContext[289] - Root WebApplicationContext: initialization completed in 1016 ms
2021:02:26 12:31:37.390 [restartedMain] INFO  s.d.s.w.PropertySourcedRequestMappingHandlerMapping[69] - Mapped URL path [/v2/api-docs] onto method [springfox.documentation.swagger2.web.Swagger2Controller#getDocumentation(String, HttpServletRequest)]
2021:02:26 12:31:37.446 [restartedMain] INFO  o.s.s.c.ThreadPoolTaskExecutor[181] - Initializing ExecutorService 'applicationTaskExecutor'
2021:02:26 12:31:37.474 [restartedMain] INFO  o.s.b.d.a.OptionalLiveReloadServer[58] - LiveReload server is running on port 35729
2021:02:26 12:31:37.579 [restartedMain] INFO  o.a.coyote.http11.Http11NioProtocol[173] - Starting ProtocolHandler ["http-nio-8080"]
2021:02:26 12:31:37.593 [restartedMain] INFO  o.s.b.w.e.tomcat.TomcatWebServer[220] - Tomcat started on port(s): 8080 (http) with context path ''
2021:02:26 12:31:37.594 [restartedMain] INFO  s.d.s.w.p.DocumentationPluginsBootstrapper[160] - Context refreshed
2021:02:26 12:31:37.602 [restartedMain] INFO  s.d.s.w.p.DocumentationPluginsBootstrapper[163] - Found 1 custom documentation plugin(s)
2021:02:26 12:31:37.628 [restartedMain] INFO  s.d.s.w.s.ApiListingReferenceScanner[41] - Scanning for api listing references
2021:02:26 12:31:37.766 [restartedMain] INFO  com.caddie.voice.y1.Y1Application[61] - Started Y1Application in 2.187 seconds (JVM running for 2.684)
2021:02:26 12:31:47.982 [http-nio-8080-exec-1] INFO  o.a.c.c.C.[Tomcat].[localhost].[/][173] - Initializing Spring DispatcherServlet 'dispatcherServlet'
2021:02:26 12:31:47.982 [http-nio-8080-exec-1] INFO  o.s.web.servlet.DispatcherServlet[525] - Initializing Servlet 'dispatcherServlet'
2021:02:26 12:31:47.983 [http-nio-8080-exec-1] INFO  o.s.web.servlet.DispatcherServlet[547] - Completed initialization in 1 ms
2021:02:26 12:32:01.234 [http-nio-8080-exec-10] INFO  com.zaxxer.hikari.HikariDataSource[110] - HikariPool-1 - Starting...
2021:02:26 12:32:01.423 [http-nio-8080-exec-10] INFO  com.zaxxer.hikari.HikariDataSource[123] - HikariPool-1 - Start completed.
2021:02:26 12:37:46.390 [restartedMain] INFO  com.caddie.voice.y1.Y1Application[55] - Starting Y1Application using Java 15.0.2 on DESKTOP-BDN2EKJ with PID 7152 (C:\workspace-temp\project\build\classes\java\main started by hyunj in C:\workspace-temp\project)
2021:02:26 12:37:46.390 [restartedMain] INFO  com.caddie.voice.y1.Y1Application[664] - The following profiles are active: dev
2021:02:26 12:37:46.421 [restartedMain] INFO  o.s.b.d.e.DevToolsPropertyDefaultsPostProcessor[255] - Devtools property defaults active! Set 'spring.devtools.add-properties' to 'false' to disable
2021:02:26 12:37:46.421 [restartedMain] INFO  o.s.b.d.e.DevToolsPropertyDefaultsPostProcessor[255] - For additional web related logging consider setting the 'logging.level.web' property to 'DEBUG'
2021:02:26 12:37:47.422 [restartedMain] INFO  o.s.b.w.e.tomcat.TomcatWebServer[108] - Tomcat initialized with port(s): 8080 (http)
2021:02:26 12:37:47.429 [restartedMain] INFO  o.a.coyote.http11.Http11NioProtocol[173] - Initializing ProtocolHandler ["http-nio-8080"]
2021:02:26 12:37:47.429 [restartedMain] INFO  o.a.catalina.core.StandardService[173] - Starting service [Tomcat]
2021:02:26 12:37:47.429 [restartedMain] INFO  o.a.catalina.core.StandardEngine[173] - Starting Servlet engine: [Apache Tomcat/9.0.41]
2021:02:26 12:37:47.492 [restartedMain] INFO  o.a.c.c.C.[Tomcat].[localhost].[/][173] - Initializing Spring embedded WebApplicationContext
2021:02:26 12:37:47.492 [restartedMain] INFO  o.s.b.w.s.c.ServletWebServerApplicationContext[289] - Root WebApplicationContext: initialization completed in 1070 ms
2021:02:26 12:37:47.932 [restartedMain] INFO  s.d.s.w.PropertySourcedRequestMappingHandlerMapping[69] - Mapped URL path [/v2/api-docs] onto method [springfox.documentation.swagger2.web.Swagger2Controller#getDocumentation(String, HttpServletRequest)]
2021:02:26 12:37:47.988 [restartedMain] INFO  o.s.s.c.ThreadPoolTaskExecutor[181] - Initializing ExecutorService 'applicationTaskExecutor'
2021:02:26 12:37:48.015 [restartedMain] INFO  o.s.b.d.a.OptionalLiveReloadServer[58] - LiveReload server is running on port 35729
2021:02:26 12:37:48.124 [restartedMain] INFO  o.a.coyote.http11.Http11NioProtocol[173] - Starting ProtocolHandler ["http-nio-8080"]
2021:02:26 12:37:48.141 [restartedMain] INFO  o.s.b.w.e.tomcat.TomcatWebServer[220] - Tomcat started on port(s): 8080 (http) with context path ''
2021:02:26 12:37:48.143 [restartedMain] INFO  s.d.s.w.p.DocumentationPluginsBootstrapper[160] - Context refreshed
2021:02:26 12:37:48.154 [restartedMain] INFO  s.d.s.w.p.DocumentationPluginsBootstrapper[163] - Found 1 custom documentation plugin(s)
2021:02:26 12:37:48.179 [restartedMain] INFO  s.d.s.w.s.ApiListingReferenceScanner[41] - Scanning for api listing references
2021:02:26 12:37:48.325 [restartedMain] INFO  com.caddie.voice.y1.Y1Application[61] - Started Y1Application in 2.294 seconds (JVM running for 2.792)
2021:02:26 12:37:49.191 [http-nio-8080-exec-1] INFO  o.a.c.c.C.[Tomcat].[localhost].[/][173] - Initializing Spring DispatcherServlet 'dispatcherServlet'
2021:02:26 12:37:49.191 [http-nio-8080-exec-1] INFO  o.s.web.servlet.DispatcherServlet[525] - Initializing Servlet 'dispatcherServlet'
2021:02:26 12:37:49.192 [http-nio-8080-exec-1] INFO  o.s.web.servlet.DispatcherServlet[547] - Completed initialization in 1 ms
2021:02:26 12:38:20.376 [http-nio-8080-exec-9] INFO  com.zaxxer.hikari.HikariDataSource[110] - HikariPool-1 - Starting...
2021:02:26 12:38:20.559 [http-nio-8080-exec-9] INFO  com.zaxxer.hikari.HikariDataSource[123] - HikariPool-1 - Start completed.
2021:02:26 12:40:49.296 [restartedMain] INFO  com.caddie.voice.y1.Y1Application[55] - Starting Y1Application using Java 15.0.2 on DESKTOP-BDN2EKJ with PID 6984 (C:\workspace-temp\project\build\classes\java\main started by hyunj in C:\workspace-temp\project)
2021:02:26 12:40:49.297 [restartedMain] INFO  com.caddie.voice.y1.Y1Application[664] - The following profiles are active: dev
2021:02:26 12:40:49.328 [restartedMain] INFO  o.s.b.d.e.DevToolsPropertyDefaultsPostProcessor[255] - Devtools property defaults active! Set 'spring.devtools.add-properties' to 'false' to disable
2021:02:26 12:40:49.328 [restartedMain] INFO  o.s.b.d.e.DevToolsPropertyDefaultsPostProcessor[255] - For additional web related logging consider setting the 'logging.level.web' property to 'DEBUG'
2021:02:26 12:40:50.280 [restartedMain] INFO  o.s.b.w.e.tomcat.TomcatWebServer[108] - Tomcat initialized with port(s): 8080 (http)
2021:02:26 12:40:50.286 [restartedMain] INFO  o.a.coyote.http11.Http11NioProtocol[173] - Initializing ProtocolHandler ["http-nio-8080"]
2021:02:26 12:40:50.287 [restartedMain] INFO  o.a.catalina.core.StandardService[173] - Starting service [Tomcat]
2021:02:26 12:40:50.287 [restartedMain] INFO  o.a.catalina.core.StandardEngine[173] - Starting Servlet engine: [Apache Tomcat/9.0.41]
2021:02:26 12:40:50.349 [restartedMain] INFO  o.a.c.c.C.[Tomcat].[localhost].[/][173] - Initializing Spring embedded WebApplicationContext
2021:02:26 12:40:50.349 [restartedMain] INFO  o.s.b.w.s.c.ServletWebServerApplicationContext[289] - Root WebApplicationContext: initialization completed in 1020 ms
2021:02:26 12:40:50.525 [restartedMain] INFO  o.a.catalina.core.StandardService[173] - Stopping service [Tomcat]
2021:02:26 12:40:50.537 [restartedMain] INFO  o.s.b.a.l.ConditionEvaluationReportLoggingListener[136] - 

Error starting ApplicationContext. To display the conditions report re-run your application with 'debug' enabled.
2021:02:26 12:41:07.778 [restartedMain] INFO  com.caddie.voice.y1.Y1Application[55] - Starting Y1Application using Java 15.0.2 on DESKTOP-BDN2EKJ with PID 2836 (C:\workspace-temp\project\build\classes\java\main started by hyunj in C:\workspace-temp\project)
2021:02:26 12:41:07.779 [restartedMain] INFO  com.caddie.voice.y1.Y1Application[664] - The following profiles are active: dev
2021:02:26 12:41:07.809 [restartedMain] INFO  o.s.b.d.e.DevToolsPropertyDefaultsPostProcessor[255] - Devtools property defaults active! Set 'spring.devtools.add-properties' to 'false' to disable
2021:02:26 12:41:07.810 [restartedMain] INFO  o.s.b.d.e.DevToolsPropertyDefaultsPostProcessor[255] - For additional web related logging consider setting the 'logging.level.web' property to 'DEBUG'
2021:02:26 12:41:08.790 [restartedMain] INFO  o.s.b.w.e.tomcat.TomcatWebServer[108] - Tomcat initialized with port(s): 8080 (http)
2021:02:26 12:41:08.796 [restartedMain] INFO  o.a.coyote.http11.Http11NioProtocol[173] - Initializing ProtocolHandler ["http-nio-8080"]
2021:02:26 12:41:08.797 [restartedMain] INFO  o.a.catalina.core.StandardService[173] - Starting service [Tomcat]
2021:02:26 12:41:08.797 [restartedMain] INFO  o.a.catalina.core.StandardEngine[173] - Starting Servlet engine: [Apache Tomcat/9.0.41]
2021:02:26 12:41:08.854 [restartedMain] INFO  o.a.c.c.C.[Tomcat].[localhost].[/][173] - Initializing Spring embedded WebApplicationContext
2021:02:26 12:41:08.855 [restartedMain] INFO  o.s.b.w.s.c.ServletWebServerApplicationContext[289] - Root WebApplicationContext: initialization completed in 1045 ms
2021:02:26 12:41:09.270 [restartedMain] INFO  s.d.s.w.PropertySourcedRequestMappingHandlerMapping[69] - Mapped URL path [/v2/api-docs] onto method [springfox.documentation.swagger2.web.Swagger2Controller#getDocumentation(String, HttpServletRequest)]
2021:02:26 12:41:09.326 [restartedMain] INFO  o.s.s.c.ThreadPoolTaskExecutor[181] - Initializing ExecutorService 'applicationTaskExecutor'
2021:02:26 12:41:09.354 [restartedMain] INFO  o.s.b.d.a.OptionalLiveReloadServer[58] - LiveReload server is running on port 35729
2021:02:26 12:41:09.455 [restartedMain] INFO  o.a.coyote.http11.Http11NioProtocol[173] - Starting ProtocolHandler ["http-nio-8080"]
2021:02:26 12:41:09.470 [restartedMain] INFO  o.s.b.w.e.tomcat.TomcatWebServer[220] - Tomcat started on port(s): 8080 (http) with context path ''
2021:02:26 12:41:09.471 [restartedMain] INFO  s.d.s.w.p.DocumentationPluginsBootstrapper[160] - Context refreshed
2021:02:26 12:41:09.480 [restartedMain] INFO  s.d.s.w.p.DocumentationPluginsBootstrapper[163] - Found 1 custom documentation plugin(s)
2021:02:26 12:41:09.504 [restartedMain] INFO  s.d.s.w.s.ApiListingReferenceScanner[41] - Scanning for api listing references
2021:02:26 12:41:09.644 [restartedMain] INFO  com.caddie.voice.y1.Y1Application[61] - Started Y1Application in 2.212 seconds (JVM running for 2.688)
2021:02:26 12:41:30.913 [http-nio-8080-exec-1] INFO  o.a.c.c.C.[Tomcat].[localhost].[/][173] - Initializing Spring DispatcherServlet 'dispatcherServlet'
2021:02:26 12:41:30.914 [http-nio-8080-exec-1] INFO  o.s.web.servlet.DispatcherServlet[525] - Initializing Servlet 'dispatcherServlet'
2021:02:26 12:41:30.914 [http-nio-8080-exec-1] INFO  o.s.web.servlet.DispatcherServlet[547] - Completed initialization in 0 ms
2021:02:26 12:43:50.080 [http-nio-8080-exec-10] INFO  com.zaxxer.hikari.HikariDataSource[110] - HikariPool-1 - Starting...
2021:02:26 12:43:50.264 [http-nio-8080-exec-10] INFO  com.zaxxer.hikari.HikariDataSource[123] - HikariPool-1 - Start completed.
2021:02:26 12:47:46.298 [restartedMain] INFO  com.caddie.voice.y1.Y1Application[55] - Starting Y1Application using Java 15.0.2 on DESKTOP-BDN2EKJ with PID 5828 (C:\workspace-temp\project\build\classes\java\main started by hyunj in C:\workspace-temp\project)
2021:02:26 12:47:46.299 [restartedMain] INFO  com.caddie.voice.y1.Y1Application[664] - The following profiles are active: dev
2021:02:26 12:47:46.334 [restartedMain] INFO  o.s.b.d.e.DevToolsPropertyDefaultsPostProcessor[255] - Devtools property defaults active! Set 'spring.devtools.add-properties' to 'false' to disable
2021:02:26 12:47:46.334 [restartedMain] INFO  o.s.b.d.e.DevToolsPropertyDefaultsPostProcessor[255] - For additional web related logging consider setting the 'logging.level.web' property to 'DEBUG'
2021:02:26 12:47:47.326 [restartedMain] INFO  o.s.b.w.e.tomcat.TomcatWebServer[108] - Tomcat initialized with port(s): 8080 (http)
2021:02:26 12:47:47.332 [restartedMain] INFO  o.a.coyote.http11.Http11NioProtocol[173] - Initializing ProtocolHandler ["http-nio-8080"]
2021:02:26 12:47:47.332 [restartedMain] INFO  o.a.catalina.core.StandardService[173] - Starting service [Tomcat]
2021:02:26 12:47:47.333 [restartedMain] INFO  o.a.catalina.core.StandardEngine[173] - Starting Servlet engine: [Apache Tomcat/9.0.41]
2021:02:26 12:47:47.394 [restartedMain] INFO  o.a.c.c.C.[Tomcat].[localhost].[/][173] - Initializing Spring embedded WebApplicationContext
2021:02:26 12:47:47.394 [restartedMain] INFO  o.s.b.w.s.c.ServletWebServerApplicationContext[289] - Root WebApplicationContext: initialization completed in 1059 ms
2021:02:26 12:47:47.832 [restartedMain] INFO  s.d.s.w.PropertySourcedRequestMappingHandlerMapping[69] - Mapped URL path [/v2/api-docs] onto method [springfox.documentation.swagger2.web.Swagger2Controller#getDocumentation(String, HttpServletRequest)]
2021:02:26 12:47:47.895 [restartedMain] INFO  o.s.s.c.ThreadPoolTaskExecutor[181] - Initializing ExecutorService 'applicationTaskExecutor'
2021:02:26 12:47:47.925 [restartedMain] INFO  o.s.b.d.a.OptionalLiveReloadServer[58] - LiveReload server is running on port 35729
2021:02:26 12:47:48.033 [restartedMain] INFO  o.a.coyote.http11.Http11NioProtocol[173] - Starting ProtocolHandler ["http-nio-8080"]
2021:02:26 12:47:48.050 [restartedMain] INFO  o.s.b.w.e.tomcat.TomcatWebServer[220] - Tomcat started on port(s): 8080 (http) with context path ''
2021:02:26 12:47:48.051 [restartedMain] INFO  s.d.s.w.p.DocumentationPluginsBootstrapper[160] - Context refreshed
2021:02:26 12:47:48.060 [restartedMain] INFO  s.d.s.w.p.DocumentationPluginsBootstrapper[163] - Found 1 custom documentation plugin(s)
2021:02:26 12:47:48.088 [restartedMain] INFO  s.d.s.w.s.ApiListingReferenceScanner[41] - Scanning for api listing references
2021:02:26 12:47:48.233 [restartedMain] INFO  com.caddie.voice.y1.Y1Application[61] - Started Y1Application in 2.272 seconds (JVM running for 2.765)
2021:02:26 12:47:48.529 [http-nio-8080-exec-1] INFO  o.a.c.c.C.[Tomcat].[localhost].[/][173] - Initializing Spring DispatcherServlet 'dispatcherServlet'
2021:02:26 12:47:48.529 [http-nio-8080-exec-1] INFO  o.s.web.servlet.DispatcherServlet[525] - Initializing Servlet 'dispatcherServlet'
2021:02:26 12:47:48.530 [http-nio-8080-exec-1] INFO  o.s.web.servlet.DispatcherServlet[547] - Completed initialization in 0 ms
2021:02:26 12:47:56.765 [http-nio-8080-exec-9] INFO  com.zaxxer.hikari.HikariDataSource[110] - HikariPool-1 - Starting...
2021:02:26 12:47:56.981 [http-nio-8080-exec-9] INFO  com.zaxxer.hikari.HikariDataSource[123] - HikariPool-1 - Start completed.
2021:02:26 12:48:21.528 [restartedMain] INFO  com.caddie.voice.y1.Y1Application[55] - Starting Y1Application using Java 15.0.2 on DESKTOP-BDN2EKJ with PID 6700 (C:\workspace-temp\project\build\classes\java\main started by hyunj in C:\workspace-temp\project)
2021:02:26 12:48:21.529 [restartedMain] INFO  com.caddie.voice.y1.Y1Application[664] - The following profiles are active: dev
2021:02:26 12:48:21.561 [restartedMain] INFO  o.s.b.d.e.DevToolsPropertyDefaultsPostProcessor[255] - Devtools property defaults active! Set 'spring.devtools.add-properties' to 'false' to disable
2021:02:26 12:48:21.561 [restartedMain] INFO  o.s.b.d.e.DevToolsPropertyDefaultsPostProcessor[255] - For additional web related logging consider setting the 'logging.level.web' property to 'DEBUG'
2021:02:26 12:48:22.534 [restartedMain] INFO  o.s.b.w.e.tomcat.TomcatWebServer[108] - Tomcat initialized with port(s): 8080 (http)
2021:02:26 12:48:22.542 [restartedMain] INFO  o.a.coyote.http11.Http11NioProtocol[173] - Initializing ProtocolHandler ["http-nio-8080"]
2021:02:26 12:48:22.542 [restartedMain] INFO  o.a.catalina.core.StandardService[173] - Starting service [Tomcat]
2021:02:26 12:48:22.543 [restartedMain] INFO  o.a.catalina.core.StandardEngine[173] - Starting Servlet engine: [Apache Tomcat/9.0.41]
2021:02:26 12:48:22.609 [restartedMain] INFO  o.a.c.c.C.[Tomcat].[localhost].[/][173] - Initializing Spring embedded WebApplicationContext
2021:02:26 12:48:22.609 [restartedMain] INFO  o.s.b.w.s.c.ServletWebServerApplicationContext[289] - Root WebApplicationContext: initialization completed in 1047 ms
2021:02:26 12:48:23.052 [restartedMain] INFO  s.d.s.w.PropertySourcedRequestMappingHandlerMapping[69] - Mapped URL path [/v2/api-docs] onto method [springfox.documentation.swagger2.web.Swagger2Controller#getDocumentation(String, HttpServletRequest)]
2021:02:26 12:48:23.112 [restartedMain] INFO  o.s.s.c.ThreadPoolTaskExecutor[181] - Initializing ExecutorService 'applicationTaskExecutor'
2021:02:26 12:48:23.141 [restartedMain] INFO  o.s.b.d.a.OptionalLiveReloadServer[58] - LiveReload server is running on port 35729
2021:02:26 12:48:23.253 [restartedMain] INFO  o.a.coyote.http11.Http11NioProtocol[173] - Starting ProtocolHandler ["http-nio-8080"]
2021:02:26 12:48:23.270 [restartedMain] INFO  o.s.b.w.e.tomcat.TomcatWebServer[220] - Tomcat started on port(s): 8080 (http) with context path ''
2021:02:26 12:48:23.271 [restartedMain] INFO  s.d.s.w.p.DocumentationPluginsBootstrapper[160] - Context refreshed
2021:02:26 12:48:23.280 [restartedMain] INFO  s.d.s.w.p.DocumentationPluginsBootstrapper[163] - Found 1 custom documentation plugin(s)
2021:02:26 12:48:23.307 [restartedMain] INFO  s.d.s.w.s.ApiListingReferenceScanner[41] - Scanning for api listing references
2021:02:26 12:48:23.446 [restartedMain] INFO  com.caddie.voice.y1.Y1Application[61] - Started Y1Application in 2.264 seconds (JVM running for 2.786)
2021:02:26 12:48:23.671 [http-nio-8080-exec-1] INFO  o.a.c.c.C.[Tomcat].[localhost].[/][173] - Initializing Spring DispatcherServlet 'dispatcherServlet'
2021:02:26 12:48:23.671 [http-nio-8080-exec-1] INFO  o.s.web.servlet.DispatcherServlet[525] - Initializing Servlet 'dispatcherServlet'
2021:02:26 12:48:23.672 [http-nio-8080-exec-1] INFO  o.s.web.servlet.DispatcherServlet[547] - Completed initialization in 1 ms
2021:02:26 12:48:27.158 [http-nio-8080-exec-9] INFO  com.zaxxer.hikari.HikariDataSource[110] - HikariPool-1 - Starting...
2021:02:26 12:48:27.372 [http-nio-8080-exec-9] INFO  com.zaxxer.hikari.HikariDataSource[123] - HikariPool-1 - Start completed.
2021:02:26 12:51:53.481 [restartedMain] INFO  com.caddie.voice.y1.Y1Application[55] - Starting Y1Application using Java 15.0.2 on DESKTOP-BDN2EKJ with PID 10744 (C:\workspace-temp\project\build\classes\java\main started by hyunj in C:\workspace-temp\project)
2021:02:26 12:51:53.482 [restartedMain] INFO  com.caddie.voice.y1.Y1Application[664] - The following profiles are active: dev
2021:02:26 12:51:53.516 [restartedMain] INFO  o.s.b.d.e.DevToolsPropertyDefaultsPostProcessor[255] - Devtools property defaults active! Set 'spring.devtools.add-properties' to 'false' to disable
2021:02:26 12:51:53.516 [restartedMain] INFO  o.s.b.d.e.DevToolsPropertyDefaultsPostProcessor[255] - For additional web related logging consider setting the 'logging.level.web' property to 'DEBUG'
2021:02:26 12:51:54.516 [restartedMain] INFO  o.s.b.w.e.tomcat.TomcatWebServer[108] - Tomcat initialized with port(s): 8080 (http)
2021:02:26 12:51:54.522 [restartedMain] INFO  o.a.coyote.http11.Http11NioProtocol[173] - Initializing ProtocolHandler ["http-nio-8080"]
2021:02:26 12:51:54.523 [restartedMain] INFO  o.a.catalina.core.StandardService[173] - Starting service [Tomcat]
2021:02:26 12:51:54.523 [restartedMain] INFO  o.a.catalina.core.StandardEngine[173] - Starting Servlet engine: [Apache Tomcat/9.0.41]
2021:02:26 12:51:54.583 [restartedMain] INFO  o.a.c.c.C.[Tomcat].[localhost].[/][173] - Initializing Spring embedded WebApplicationContext
2021:02:26 12:51:54.584 [restartedMain] INFO  o.s.b.w.s.c.ServletWebServerApplicationContext[289] - Root WebApplicationContext: initialization completed in 1067 ms
2021:02:26 12:51:55.034 [restartedMain] INFO  s.d.s.w.PropertySourcedRequestMappingHandlerMapping[69] - Mapped URL path [/v2/api-docs] onto method [springfox.documentation.swagger2.web.Swagger2Controller#getDocumentation(String, HttpServletRequest)]
2021:02:26 12:51:55.090 [restartedMain] INFO  o.s.s.c.ThreadPoolTaskExecutor[181] - Initializing ExecutorService 'applicationTaskExecutor'
2021:02:26 12:51:55.118 [restartedMain] INFO  o.s.b.d.a.OptionalLiveReloadServer[58] - LiveReload server is running on port 35729
2021:02:26 12:51:55.229 [restartedMain] INFO  o.a.coyote.http11.Http11NioProtocol[173] - Starting ProtocolHandler ["http-nio-8080"]
2021:02:26 12:51:55.245 [restartedMain] INFO  o.s.b.w.e.tomcat.TomcatWebServer[220] - Tomcat started on port(s): 8080 (http) with context path ''
2021:02:26 12:51:55.246 [restartedMain] INFO  s.d.s.w.p.DocumentationPluginsBootstrapper[160] - Context refreshed
2021:02:26 12:51:55.255 [restartedMain] INFO  s.d.s.w.p.DocumentationPluginsBootstrapper[163] - Found 1 custom documentation plugin(s)
2021:02:26 12:51:55.282 [restartedMain] INFO  s.d.s.w.s.ApiListingReferenceScanner[41] - Scanning for api listing references
2021:02:26 12:51:55.422 [restartedMain] INFO  com.caddie.voice.y1.Y1Application[61] - Started Y1Application in 2.283 seconds (JVM running for 2.777)
2021:02:26 12:52:01.391 [http-nio-8080-exec-1] INFO  o.a.c.c.C.[Tomcat].[localhost].[/][173] - Initializing Spring DispatcherServlet 'dispatcherServlet'
2021:02:26 12:52:01.392 [http-nio-8080-exec-1] INFO  o.s.web.servlet.DispatcherServlet[525] - Initializing Servlet 'dispatcherServlet'
2021:02:26 12:52:01.393 [http-nio-8080-exec-1] INFO  o.s.web.servlet.DispatcherServlet[547] - Completed initialization in 1 ms
2021:02:26 12:52:01.422 [http-nio-8080-exec-1] INFO  com.zaxxer.hikari.HikariDataSource[110] - HikariPool-1 - Starting...
2021:02:26 12:52:01.603 [http-nio-8080-exec-1] INFO  com.zaxxer.hikari.HikariDataSource[123] - HikariPool-1 - Start completed.
2021:02:26 12:52:20.892 [restartedMain] INFO  com.caddie.voice.y1.Y1Application[55] - Starting Y1Application using Java 15.0.2 on DESKTOP-BDN2EKJ with PID 12900 (C:\workspace-temp\project\build\classes\java\main started by hyunj in C:\workspace-temp\project)
2021:02:26 12:52:20.892 [restartedMain] INFO  com.caddie.voice.y1.Y1Application[664] - The following profiles are active: dev
2021:02:26 12:52:20.919 [restartedMain] INFO  o.s.b.d.e.DevToolsPropertyDefaultsPostProcessor[255] - Devtools property defaults active! Set 'spring.devtools.add-properties' to 'false' to disable
2021:02:26 12:52:20.919 [restartedMain] INFO  o.s.b.d.e.DevToolsPropertyDefaultsPostProcessor[255] - For additional web related logging consider setting the 'logging.level.web' property to 'DEBUG'
2021:02:26 12:52:21.940 [restartedMain] INFO  o.s.b.w.e.tomcat.TomcatWebServer[108] - Tomcat initialized with port(s): 8080 (http)
2021:02:26 12:52:21.947 [restartedMain] INFO  o.a.coyote.http11.Http11NioProtocol[173] - Initializing ProtocolHandler ["http-nio-8080"]
2021:02:26 12:52:21.947 [restartedMain] INFO  o.a.catalina.core.StandardService[173] - Starting service [Tomcat]
2021:02:26 12:52:21.947 [restartedMain] INFO  o.a.catalina.core.StandardEngine[173] - Starting Servlet engine: [Apache Tomcat/9.0.41]
2021:02:26 12:52:22.010 [restartedMain] INFO  o.a.c.c.C.[Tomcat].[localhost].[/][173] - Initializing Spring embedded WebApplicationContext
2021:02:26 12:52:22.010 [restartedMain] INFO  o.s.b.w.s.c.ServletWebServerApplicationContext[289] - Root WebApplicationContext: initialization completed in 1076 ms
2021:02:26 12:52:22.458 [restartedMain] INFO  s.d.s.w.PropertySourcedRequestMappingHandlerMapping[69] - Mapped URL path [/v2/api-docs] onto method [springfox.documentation.swagger2.web.Swagger2Controller#getDocumentation(String, HttpServletRequest)]
2021:02:26 12:52:22.517 [restartedMain] INFO  o.s.s.c.ThreadPoolTaskExecutor[181] - Initializing ExecutorService 'applicationTaskExecutor'
2021:02:26 12:52:22.545 [restartedMain] INFO  o.s.b.d.a.OptionalLiveReloadServer[58] - LiveReload server is running on port 35729
2021:02:26 12:52:22.649 [restartedMain] INFO  o.a.coyote.http11.Http11NioProtocol[173] - Starting ProtocolHandler ["http-nio-8080"]
2021:02:26 12:52:22.663 [restartedMain] INFO  o.s.b.w.e.tomcat.TomcatWebServer[220] - Tomcat started on port(s): 8080 (http) with context path ''
2021:02:26 12:52:22.664 [restartedMain] INFO  s.d.s.w.p.DocumentationPluginsBootstrapper[160] - Context refreshed
2021:02:26 12:52:22.674 [restartedMain] INFO  s.d.s.w.p.DocumentationPluginsBootstrapper[163] - Found 1 custom documentation plugin(s)
2021:02:26 12:52:22.699 [restartedMain] INFO  s.d.s.w.s.ApiListingReferenceScanner[41] - Scanning for api listing references
2021:02:26 12:52:22.845 [restartedMain] INFO  com.caddie.voice.y1.Y1Application[61] - Started Y1Application in 2.276 seconds (JVM running for 2.771)
2021:02:26 12:52:24.474 [http-nio-8080-exec-1] INFO  o.a.c.c.C.[Tomcat].[localhost].[/][173] - Initializing Spring DispatcherServlet 'dispatcherServlet'
2021:02:26 12:52:24.474 [http-nio-8080-exec-1] INFO  o.s.web.servlet.DispatcherServlet[525] - Initializing Servlet 'dispatcherServlet'
2021:02:26 12:52:24.475 [http-nio-8080-exec-1] INFO  o.s.web.servlet.DispatcherServlet[547] - Completed initialization in 1 ms
2021:02:26 12:52:31.400 [http-nio-8080-exec-9] INFO  com.zaxxer.hikari.HikariDataSource[110] - HikariPool-1 - Starting...
2021:02:26 12:52:31.578 [http-nio-8080-exec-9] INFO  com.zaxxer.hikari.HikariDataSource[123] - HikariPool-1 - Start completed.
2021:02:26 14:56:36.019 [restartedMain] INFO  com.caddie.voice.y1.Y1Application[55] - Starting Y1Application using Java 15.0.2 on DESKTOP-BDN2EKJ with PID 11392 (C:\workspace-temp\project\build\classes\java\main started by hyunj in C:\workspace-temp\project)
2021:02:26 14:56:36.021 [restartedMain] INFO  com.caddie.voice.y1.Y1Application[664] - The following profiles are active: dev
2021:02:26 14:56:36.052 [restartedMain] INFO  o.s.b.d.e.DevToolsPropertyDefaultsPostProcessor[255] - Devtools property defaults active! Set 'spring.devtools.add-properties' to 'false' to disable
2021:02:26 14:56:36.053 [restartedMain] INFO  o.s.b.d.e.DevToolsPropertyDefaultsPostProcessor[255] - For additional web related logging consider setting the 'logging.level.web' property to 'DEBUG'
2021:02:26 14:56:37.065 [restartedMain] INFO  o.s.b.w.e.tomcat.TomcatWebServer[108] - Tomcat initialized with port(s): 8080 (http)
2021:02:26 14:56:37.072 [restartedMain] INFO  o.a.coyote.http11.Http11NioProtocol[173] - Initializing ProtocolHandler ["http-nio-8080"]
2021:02:26 14:56:37.073 [restartedMain] INFO  o.a.catalina.core.StandardService[173] - Starting service [Tomcat]
2021:02:26 14:56:37.073 [restartedMain] INFO  o.a.catalina.core.StandardEngine[173] - Starting Servlet engine: [Apache Tomcat/9.0.41]
2021:02:26 14:56:37.134 [restartedMain] INFO  o.a.c.c.C.[Tomcat].[localhost].[/][173] - Initializing Spring embedded WebApplicationContext
2021:02:26 14:56:37.135 [restartedMain] INFO  o.s.b.w.s.c.ServletWebServerApplicationContext[289] - Root WebApplicationContext: initialization completed in 1081 ms
2021:02:26 14:56:37.556 [restartedMain] INFO  s.d.s.w.PropertySourcedRequestMappingHandlerMapping[69] - Mapped URL path [/v2/api-docs] onto method [springfox.documentation.swagger2.web.Swagger2Controller#getDocumentation(String, HttpServletRequest)]
2021:02:26 14:56:37.614 [restartedMain] INFO  o.s.s.c.ThreadPoolTaskExecutor[181] - Initializing ExecutorService 'applicationTaskExecutor'
2021:02:26 14:56:37.640 [restartedMain] INFO  o.s.b.d.a.OptionalLiveReloadServer[58] - LiveReload server is running on port 35729
2021:02:26 14:56:37.742 [restartedMain] INFO  o.a.coyote.http11.Http11NioProtocol[173] - Starting ProtocolHandler ["http-nio-8080"]
2021:02:26 14:56:37.757 [restartedMain] INFO  o.s.b.w.e.tomcat.TomcatWebServer[220] - Tomcat started on port(s): 8080 (http) with context path ''
2021:02:26 14:56:37.758 [restartedMain] INFO  s.d.s.w.p.DocumentationPluginsBootstrapper[160] - Context refreshed
2021:02:26 14:56:37.767 [restartedMain] INFO  s.d.s.w.p.DocumentationPluginsBootstrapper[163] - Found 1 custom documentation plugin(s)
2021:02:26 14:56:37.792 [restartedMain] INFO  s.d.s.w.s.ApiListingReferenceScanner[41] - Scanning for api listing references
2021:02:26 14:56:37.927 [restartedMain] INFO  com.caddie.voice.y1.Y1Application[61] - Started Y1Application in 2.274 seconds (JVM running for 2.772)
2021:02:26 14:57:11.201 [http-nio-8080-exec-1] INFO  o.a.c.c.C.[Tomcat].[localhost].[/][173] - Initializing Spring DispatcherServlet 'dispatcherServlet'
2021:02:26 14:57:11.201 [http-nio-8080-exec-1] INFO  o.s.web.servlet.DispatcherServlet[525] - Initializing Servlet 'dispatcherServlet'
2021:02:26 14:57:11.202 [http-nio-8080-exec-1] INFO  o.s.web.servlet.DispatcherServlet[547] - Completed initialization in 1 ms
2021:02:26 14:57:15.205 [http-nio-8080-exec-9] INFO  com.zaxxer.hikari.HikariDataSource[110] - HikariPool-1 - Starting...
2021:02:26 14:57:15.418 [http-nio-8080-exec-9] INFO  com.zaxxer.hikari.HikariDataSource[123] - HikariPool-1 - Start completed.
2021:02:26 14:59:50.845 [restartedMain] INFO  com.caddie.voice.y1.Y1Application[55] - Starting Y1Application using Java 15.0.2 on DESKTOP-BDN2EKJ with PID 9660 (C:\workspace-temp\project\build\classes\java\main started by hyunj in C:\workspace-temp\project)
2021:02:26 14:59:50.846 [restartedMain] INFO  com.caddie.voice.y1.Y1Application[664] - The following profiles are active: dev
2021:02:26 14:59:50.875 [restartedMain] INFO  o.s.b.d.e.DevToolsPropertyDefaultsPostProcessor[255] - Devtools property defaults active! Set 'spring.devtools.add-properties' to 'false' to disable
2021:02:26 14:59:50.876 [restartedMain] INFO  o.s.b.d.e.DevToolsPropertyDefaultsPostProcessor[255] - For additional web related logging consider setting the 'logging.level.web' property to 'DEBUG'
2021:02:26 14:59:51.892 [restartedMain] INFO  o.s.b.w.e.tomcat.TomcatWebServer[108] - Tomcat initialized with port(s): 8080 (http)
2021:02:26 14:59:51.899 [restartedMain] INFO  o.a.coyote.http11.Http11NioProtocol[173] - Initializing ProtocolHandler ["http-nio-8080"]
2021:02:26 14:59:51.900 [restartedMain] INFO  o.a.catalina.core.StandardService[173] - Starting service [Tomcat]
2021:02:26 14:59:51.900 [restartedMain] INFO  o.a.catalina.core.StandardEngine[173] - Starting Servlet engine: [Apache Tomcat/9.0.41]
2021:02:26 14:59:51.958 [restartedMain] INFO  o.a.c.c.C.[Tomcat].[localhost].[/][173] - Initializing Spring embedded WebApplicationContext
2021:02:26 14:59:51.958 [restartedMain] INFO  o.s.b.w.s.c.ServletWebServerApplicationContext[289] - Root WebApplicationContext: initialization completed in 1082 ms
2021:02:26 14:59:52.425 [restartedMain] INFO  s.d.s.w.PropertySourcedRequestMappingHandlerMapping[69] - Mapped URL path [/v2/api-docs] onto method [springfox.documentation.swagger2.web.Swagger2Controller#getDocumentation(String, HttpServletRequest)]
2021:02:26 14:59:52.486 [restartedMain] INFO  o.s.s.c.ThreadPoolTaskExecutor[181] - Initializing ExecutorService 'applicationTaskExecutor'
2021:02:26 14:59:52.515 [restartedMain] INFO  o.s.b.d.a.OptionalLiveReloadServer[58] - LiveReload server is running on port 35729
2021:02:26 14:59:52.628 [restartedMain] INFO  o.a.coyote.http11.Http11NioProtocol[173] - Starting ProtocolHandler ["http-nio-8080"]
2021:02:26 14:59:52.644 [restartedMain] INFO  o.s.b.w.e.tomcat.TomcatWebServer[220] - Tomcat started on port(s): 8080 (http) with context path ''
2021:02:26 14:59:52.646 [restartedMain] INFO  s.d.s.w.p.DocumentationPluginsBootstrapper[160] - Context refreshed
2021:02:26 14:59:52.655 [restartedMain] INFO  s.d.s.w.p.DocumentationPluginsBootstrapper[163] - Found 1 custom documentation plugin(s)
2021:02:26 14:59:52.686 [restartedMain] INFO  s.d.s.w.s.ApiListingReferenceScanner[41] - Scanning for api listing references
2021:02:26 14:59:52.689 [http-nio-8080-exec-1] INFO  o.a.c.c.C.[Tomcat].[localhost].[/][173] - Initializing Spring DispatcherServlet 'dispatcherServlet'
2021:02:26 14:59:52.689 [http-nio-8080-exec-1] INFO  o.s.web.servlet.DispatcherServlet[525] - Initializing Servlet 'dispatcherServlet'
2021:02:26 14:59:52.690 [http-nio-8080-exec-1] INFO  o.s.web.servlet.DispatcherServlet[547] - Completed initialization in 1 ms
2021:02:26 14:59:52.860 [restartedMain] INFO  com.caddie.voice.y1.Y1Application[61] - Started Y1Application in 2.338 seconds (JVM running for 2.873)
2021:02:26 14:59:57.230 [http-nio-8080-exec-9] INFO  com.zaxxer.hikari.HikariDataSource[110] - HikariPool-1 - Starting...
2021:02:26 14:59:57.442 [http-nio-8080-exec-9] INFO  com.zaxxer.hikari.HikariDataSource[123] - HikariPool-1 - Start completed.
2021:02:26 15:00:47.270 [restartedMain] INFO  com.caddie.voice.y1.Y1Application[55] - Starting Y1Application using Java 15.0.2 on DESKTOP-BDN2EKJ with PID 13048 (C:\workspace-temp\project\build\classes\java\main started by hyunj in C:\workspace-temp\project)
2021:02:26 15:00:47.271 [restartedMain] INFO  com.caddie.voice.y1.Y1Application[664] - The following profiles are active: dev
2021:02:26 15:00:47.302 [restartedMain] INFO  o.s.b.d.e.DevToolsPropertyDefaultsPostProcessor[255] - Devtools property defaults active! Set 'spring.devtools.add-properties' to 'false' to disable
2021:02:26 15:00:47.302 [restartedMain] INFO  o.s.b.d.e.DevToolsPropertyDefaultsPostProcessor[255] - For additional web related logging consider setting the 'logging.level.web' property to 'DEBUG'
2021:02:26 15:00:48.298 [restartedMain] INFO  o.s.b.w.e.tomcat.TomcatWebServer[108] - Tomcat initialized with port(s): 8080 (http)
2021:02:26 15:00:48.304 [restartedMain] INFO  o.a.coyote.http11.Http11NioProtocol[173] - Initializing ProtocolHandler ["http-nio-8080"]
2021:02:26 15:00:48.305 [restartedMain] INFO  o.a.catalina.core.StandardService[173] - Starting service [Tomcat]
2021:02:26 15:00:48.305 [restartedMain] INFO  o.a.catalina.core.StandardEngine[173] - Starting Servlet engine: [Apache Tomcat/9.0.41]
2021:02:26 15:00:48.364 [restartedMain] INFO  o.a.c.c.C.[Tomcat].[localhost].[/][173] - Initializing Spring embedded WebApplicationContext
2021:02:26 15:00:48.365 [restartedMain] INFO  o.s.b.w.s.c.ServletWebServerApplicationContext[289] - Root WebApplicationContext: initialization completed in 1062 ms
2021:02:26 15:00:48.804 [restartedMain] INFO  s.d.s.w.PropertySourcedRequestMappingHandlerMapping[69] - Mapped URL path [/v2/api-docs] onto method [springfox.documentation.swagger2.web.Swagger2Controller#getDocumentation(String, HttpServletRequest)]
2021:02:26 15:00:48.870 [restartedMain] INFO  o.s.s.c.ThreadPoolTaskExecutor[181] - Initializing ExecutorService 'applicationTaskExecutor'
2021:02:26 15:00:48.901 [restartedMain] INFO  o.s.b.d.a.OptionalLiveReloadServer[58] - LiveReload server is running on port 35729
2021:02:26 15:00:49.017 [restartedMain] INFO  o.a.coyote.http11.Http11NioProtocol[173] - Starting ProtocolHandler ["http-nio-8080"]
2021:02:26 15:00:49.033 [restartedMain] INFO  o.s.b.w.e.tomcat.TomcatWebServer[220] - Tomcat started on port(s): 8080 (http) with context path ''
2021:02:26 15:00:49.034 [restartedMain] INFO  s.d.s.w.p.DocumentationPluginsBootstrapper[160] - Context refreshed
2021:02:26 15:00:49.043 [restartedMain] INFO  s.d.s.w.p.DocumentationPluginsBootstrapper[163] - Found 1 custom documentation plugin(s)
2021:02:26 15:00:49.069 [restartedMain] INFO  s.d.s.w.s.ApiListingReferenceScanner[41] - Scanning for api listing references
2021:02:26 15:00:49.217 [restartedMain] INFO  com.caddie.voice.y1.Y1Application[61] - Started Y1Application in 2.289 seconds (JVM running for 2.785)
2021:02:26 15:00:53.433 [http-nio-8080-exec-1] INFO  o.a.c.c.C.[Tomcat].[localhost].[/][173] - Initializing Spring DispatcherServlet 'dispatcherServlet'
2021:02:26 15:00:53.434 [http-nio-8080-exec-1] INFO  o.s.web.servlet.DispatcherServlet[525] - Initializing Servlet 'dispatcherServlet'
2021:02:26 15:00:53.434 [http-nio-8080-exec-1] INFO  o.s.web.servlet.DispatcherServlet[547] - Completed initialization in 0 ms
2021:02:26 15:00:53.461 [http-nio-8080-exec-1] INFO  com.zaxxer.hikari.HikariDataSource[110] - HikariPool-1 - Starting...
2021:02:26 15:00:53.642 [http-nio-8080-exec-1] INFO  com.zaxxer.hikari.HikariDataSource[123] - HikariPool-1 - Start completed.
2021:02:26 16:14:58.556 [restartedMain] INFO  com.caddie.voice.y1.Y1Application[55] - Starting Y1Application using Java 15.0.2 on DESKTOP-BDN2EKJ with PID 10456 (C:\workspace-temp\project\build\classes\java\main started by hyunj in C:\workspace-temp\project)
2021:02:26 16:14:58.557 [restartedMain] INFO  com.caddie.voice.y1.Y1Application[664] - The following profiles are active: dev
2021:02:26 16:14:58.587 [restartedMain] INFO  o.s.b.d.e.DevToolsPropertyDefaultsPostProcessor[255] - Devtools property defaults active! Set 'spring.devtools.add-properties' to 'false' to disable
2021:02:26 16:14:58.587 [restartedMain] INFO  o.s.b.d.e.DevToolsPropertyDefaultsPostProcessor[255] - For additional web related logging consider setting the 'logging.level.web' property to 'DEBUG'
2021:02:26 16:14:59.538 [restartedMain] INFO  o.s.b.w.e.tomcat.TomcatWebServer[108] - Tomcat initialized with port(s): 8080 (http)
2021:02:26 16:14:59.544 [restartedMain] INFO  o.a.coyote.http11.Http11NioProtocol[173] - Initializing ProtocolHandler ["http-nio-8080"]
2021:02:26 16:14:59.544 [restartedMain] INFO  o.a.catalina.core.StandardService[173] - Starting service [Tomcat]
2021:02:26 16:14:59.544 [restartedMain] INFO  o.a.catalina.core.StandardEngine[173] - Starting Servlet engine: [Apache Tomcat/9.0.41]
2021:02:26 16:14:59.601 [restartedMain] INFO  o.a.c.c.C.[Tomcat].[localhost].[/][173] - Initializing Spring embedded WebApplicationContext
2021:02:26 16:14:59.602 [restartedMain] INFO  o.s.b.w.s.c.ServletWebServerApplicationContext[289] - Root WebApplicationContext: initialization completed in 1014 ms
2021:02:26 16:15:00.010 [restartedMain] INFO  s.d.s.w.PropertySourcedRequestMappingHandlerMapping[69] - Mapped URL path [/v2/api-docs] onto method [springfox.documentation.swagger2.web.Swagger2Controller#getDocumentation(String, HttpServletRequest)]
2021:02:26 16:15:00.068 [restartedMain] INFO  o.s.s.c.ThreadPoolTaskExecutor[181] - Initializing ExecutorService 'applicationTaskExecutor'
2021:02:26 16:15:00.095 [restartedMain] INFO  o.s.b.d.a.OptionalLiveReloadServer[58] - LiveReload server is running on port 35729
2021:02:26 16:15:00.195 [restartedMain] INFO  o.a.coyote.http11.Http11NioProtocol[173] - Starting ProtocolHandler ["http-nio-8080"]
2021:02:26 16:15:00.210 [restartedMain] INFO  o.s.b.w.e.tomcat.TomcatWebServer[220] - Tomcat started on port(s): 8080 (http) with context path ''
2021:02:26 16:15:00.211 [restartedMain] INFO  s.d.s.w.p.DocumentationPluginsBootstrapper[160] - Context refreshed
2021:02:26 16:15:00.220 [restartedMain] INFO  s.d.s.w.p.DocumentationPluginsBootstrapper[163] - Found 1 custom documentation plugin(s)
2021:02:26 16:15:00.245 [restartedMain] INFO  s.d.s.w.s.ApiListingReferenceScanner[41] - Scanning for api listing references
2021:02:26 16:15:00.380 [restartedMain] INFO  com.caddie.voice.y1.Y1Application[61] - Started Y1Application in 2.192 seconds (JVM running for 2.716)
2021:02:26 16:15:16.626 [http-nio-8080-exec-1] INFO  o.a.c.c.C.[Tomcat].[localhost].[/][173] - Initializing Spring DispatcherServlet 'dispatcherServlet'
2021:02:26 16:15:16.627 [http-nio-8080-exec-1] INFO  o.s.web.servlet.DispatcherServlet[525] - Initializing Servlet 'dispatcherServlet'
2021:02:26 16:15:16.628 [http-nio-8080-exec-1] INFO  o.s.web.servlet.DispatcherServlet[547] - Completed initialization in 1 ms
2021:02:26 16:15:21.360 [http-nio-8080-exec-10] INFO  com.zaxxer.hikari.HikariDataSource[110] - HikariPool-1 - Starting...
2021:02:26 16:15:21.547 [http-nio-8080-exec-10] INFO  com.zaxxer.hikari.HikariDataSource[123] - HikariPool-1 - Start completed.
