2021:03:08 14:05:27.299 [restartedMain] INFO  com.caddie.voice.y1.Y1Application[55] - Starting Y1Application using Java 15.0.2 on DESKTOP-BDN2EKJ with PID 10244 (C:\workspace-temp\project\build\classes\java\main started by hyunj in C:\workspace-temp\project)
2021:03:08 14:05:27.300 [restartedMain] INFO  com.caddie.voice.y1.Y1Application[664] - The following profiles are active: dev
2021:03:08 14:05:27.332 [restartedMain] INFO  o.s.b.d.e.DevToolsPropertyDefaultsPostProcessor[255] - Devtools property defaults active! Set 'spring.devtools.add-properties' to 'false' to disable
2021:03:08 14:05:27.332 [restartedMain] INFO  o.s.b.d.e.DevToolsPropertyDefaultsPostProcessor[255] - For additional web related logging consider setting the 'logging.level.web' property to 'DEBUG'
2021:03:08 14:05:28.354 [restartedMain] INFO  o.s.b.w.e.tomcat.TomcatWebServer[108] - Tomcat initialized with port(s): 8080 (http)
2021:03:08 14:05:28.354 [restartedMain] INFO  o.a.coyote.http11.Http11NioProtocol[173] - Initializing ProtocolHandler ["http-nio-8080"]
2021:03:08 14:05:28.354 [restartedMain] INFO  o.a.catalina.core.StandardService[173] - Starting service [Tomcat]
2021:03:08 14:05:28.354 [restartedMain] INFO  o.a.catalina.core.StandardEngine[173] - Starting Servlet engine: [Apache Tomcat/9.0.41]
2021:03:08 14:05:28.416 [restartedMain] INFO  o.a.c.c.C.[Tomcat].[localhost].[/][173] - Initializing Spring embedded WebApplicationContext
2021:03:08 14:05:28.416 [restartedMain] INFO  o.s.b.w.s.c.ServletWebServerApplicationContext[289] - Root WebApplicationContext: initialization completed in 1084 ms
2021:03:08 14:05:28.876 [restartedMain] INFO  s.d.s.w.PropertySourcedRequestMappingHandlerMapping[69] - Mapped URL path [/v2/api-docs] onto method [springfox.documentation.swagger2.web.Swagger2Controller#getDocumentation(String, HttpServletRequest)]
2021:03:08 14:05:28.923 [restartedMain] INFO  o.s.s.c.ThreadPoolTaskExecutor[181] - Initializing ExecutorService 'applicationTaskExecutor'
2021:03:08 14:05:28.954 [restartedMain] INFO  o.s.b.d.a.OptionalLiveReloadServer[58] - LiveReload server is running on port 35729
2021:03:08 14:05:29.063 [restartedMain] INFO  o.a.coyote.http11.Http11NioProtocol[173] - Starting ProtocolHandler ["http-nio-8080"]
2021:03:08 14:05:29.079 [restartedMain] INFO  o.s.b.w.e.tomcat.TomcatWebServer[220] - Tomcat started on port(s): 8080 (http) with context path ''
2021:03:08 14:05:29.079 [restartedMain] INFO  s.d.s.w.p.DocumentationPluginsBootstrapper[160] - Context refreshed
2021:03:08 14:05:29.079 [restartedMain] INFO  s.d.s.w.p.DocumentationPluginsBootstrapper[163] - Found 1 custom documentation plugin(s)
2021:03:08 14:05:29.110 [restartedMain] INFO  s.d.s.w.s.ApiListingReferenceScanner[41] - Scanning for api listing references
2021:03:08 14:05:29.268 [restartedMain] INFO  com.caddie.voice.y1.Y1Application[61] - Started Y1Application in 2.34 seconds (JVM running for 2.941)
2021:03:08 14:05:30.072 [http-nio-8080-exec-1] INFO  o.a.c.c.C.[Tomcat].[localhost].[/][173] - Initializing Spring DispatcherServlet 'dispatcherServlet'
2021:03:08 14:05:30.072 [http-nio-8080-exec-1] INFO  o.s.web.servlet.DispatcherServlet[525] - Initializing Servlet 'dispatcherServlet'
2021:03:08 14:05:30.072 [http-nio-8080-exec-1] INFO  o.s.web.servlet.DispatcherServlet[547] - Completed initialization in 0 ms
